INFO :: wrapper :: Brain: 73661041-f - Generation: 0 Path: [26, 27, 28, 29] Fitness: 3.3
INFO :: wrapper :: Brain: 801a4a27-4 - Generation: 0 Path: [31] Fitness: 0.0
INFO :: wrapper :: Brain: a17a25e5-b - Generation: 0 Path: [31] Fitness: 0.0
INFO :: wrapper :: Brain: 537e6a7d-6 - Generation: 0 Path: [26, 27, 33] Fitness: 0.3
INFO :: wrapper :: Brain: b269a19d-d - Generation: 0 Path: [26, 20, 21] Fitness: 0.3
INFO :: wrapper :: Brain: ca265ca7-4 - Generation: 0 Path: [26, 21] Fitness: 0.15
INFO :: wrapper :: Brain: 9e02ae23-9 - Generation: 0 Path: [25, 25, 25, 25, 25, 25, 25, 25, 25, 25, 25, 25, 25, 25, 25, 25, 25, 25, 25, 25, 25, 25, 25, 25, 25, 25, 25, 25, 25, 25, 25, 25, 25, 25, 25, 25, 25, 25, 25, 25, 25] Fitness: 0.15
INFO :: wrapper :: Brain: 0782b08b-6 - Generation: 0 Path: [26, 27, 28, 23] Fitness: 3.3
INFO :: wrapper :: Brain: 489d979b-c - Generation: 0 Path: [25, 25, 25, 25, 25, 25, 25, 25, 25, 25, 25, 25, 25, 25, 25, 25, 25, 25, 25, 25, 25, 25, 25, 25, 25, 25, 25, 25, 25, 25, 25, 25, 25, 25, 25, 25, 25, 25, 25, 25, 25] Fitness: 0.15
INFO :: wrapper :: Brain: 11593e85-9 - Generation: 0 Path: [25, 25, 25, 25, 25, 25, 25, 25, 25, 25, 25, 25, 25, 25, 25, 25, 25, 25, 25, 25, 25, 25, 25, 25, 25, 25, 25, 25, 25, 25, 25, 25, 25, 25, 25, 25, 25, 25, 25, 25, 25] Fitness: 0.15
INFO :: wrapper :: Brain: 47f55240-d - Generation: 0 Path: [20, 13, 8, 1] Fitness: 0.44999999999999996
INFO :: wrapper :: Brain: 337e5091-2 - Generation: 0 Path: [26, 32] Fitness: 0.15
INFO :: wrapper :: Brain: 62ac0960-e - Generation: 0 Path: [24] Fitness: 0.0
INFO :: wrapper :: Brain: 2b619aa7-7 - Generation: 0 Path: [18] Fitness: 0.0
INFO :: wrapper :: Brain: 2de97de6-2 - Generation: 0 Path: [32] Fitness: 0.0
INFO :: wrapper :: Brain: 65e6e09f-b - Generation: 0 Path: [25, 25, 25, 25, 25, 25, 25, 25, 25, 25, 25, 25, 25, 25, 25, 25, 25, 25, 25, 25, 25, 25, 25, 25, 25, 25, 25, 25, 25, 25, 25, 25, 25, 25, 25, 25, 25, 25, 25, 25, 25] Fitness: 0.15
INFO :: wrapper :: Brain: b6c45ae0-e - Generation: 0 Path: [26, 26, 26, 26, 26, 26, 26, 26, 26, 26, 26, 26, 26, 26, 26, 26, 26, 26, 26, 26, 26, 26, 26, 26, 26, 26, 26, 26, 26, 26, 26, 26, 26, 26, 26, 26, 26, 26, 26, 26, 26] Fitness: 0.3
INFO :: wrapper :: Brain: a27c985e-7 - Generation: 0 Path: [32] Fitness: 0.0
INFO :: wrapper :: Brain: 5b911fa8-a - Generation: 0 Path: [20, 15, 10, 5] Fitness: 3.3
INFO :: wrapper :: Brain: 9ba91ab3-9 - Generation: 0 Path: [25, 25, 25, 25, 25, 25, 25, 25, 25, 25, 25, 25, 25, 25, 25, 25, 25, 25, 25, 25, 25, 25, 25, 25, 25, 25, 25, 25, 25, 25, 25, 25, 25, 25, 25, 25, 25, 25, 25, 25, 25] Fitness: 0.15
INFO :: wrapper :: Brain: 5eb2482e-7 - Generation: 0 Path: [24] Fitness: 0.0
INFO :: wrapper :: Brain: d6c310f6-f - Generation: 0 Path: [19] Fitness: 0.0
INFO :: wrapper :: Brain: 5b9d0105-5 - Generation: 0 Path: [26, 33] Fitness: 0.15
INFO :: wrapper :: Brain: 9b39a6ac-a - Generation: 0 Path: [31] Fitness: 0.0
INFO :: wrapper :: Brain: edb20979-c - Generation: 0 Path: [19] Fitness: 0.0
INFO :: wrapper :: Brain: d23e458b-3 - Generation: 0 Path: [25, 25, 25, 25, 25, 25, 25, 25, 25, 25, 25, 25, 25, 25, 25, 25, 25, 25, 25, 25, 25, 25, 25, 25, 25, 25, 25, 25, 25, 25, 25, 25, 25, 25, 25, 25, 25, 25, 25, 25, 25] Fitness: 0.15
INFO :: wrapper :: Brain: a35d56da-7 - Generation: 0 Path: [30] Fitness: 0.0
INFO :: wrapper :: Brain: eb2a77ea-2 - Generation: 0 Path: [18] Fitness: 0.0
INFO :: wrapper :: Brain: e58d694f-9 - Generation: 0 Path: [31] Fitness: 0.0
INFO :: wrapper :: Brain: 78a1e649-9 - Generation: 0 Path: [19] Fitness: 0.0
INFO :: wrapper :: Brain: b87e54c9-d - Generation: 0 Path: [24] Fitness: 0.0
INFO :: wrapper :: Brain: f431aaf7-6 - Generation: 0 Path: [25, 25, 25, 25, 25, 25, 25, 25, 25, 25, 25, 25, 25, 25, 25, 25, 25, 25, 25, 25, 25, 25, 25, 25, 25, 25, 25, 25, 25, 25, 25, 25, 25, 25, 25, 25, 25, 25, 25, 25, 25] Fitness: 0.15
INFO :: wrapper :: Brain: 66d6be53-4 - Generation: 0 Path: [19] Fitness: 0.0
INFO :: wrapper :: Brain: 3d8df34d-b - Generation: 0 Path: [30] Fitness: 0.0
INFO :: wrapper :: Brain: fce0e031-5 - Generation: 0 Path: [25, 25, 25, 25, 25, 25, 25, 25, 25, 25, 25, 25, 25, 25, 25, 25, 25, 25, 25, 25, 25, 25, 25, 25, 25, 25, 25, 25, 25, 25, 25, 25, 25, 25, 25, 25, 25, 25, 25, 25, 25] Fitness: 0.15
INFO :: wrapper :: Brain: 1c0fbe07-2 - Generation: 0 Path: [18] Fitness: 0.0
INFO :: wrapper :: Brain: 40ee53fb-9 - Generation: 0 Path: [24] Fitness: 0.0
INFO :: wrapper :: Brain: 1aa07761-7 - Generation: 0 Path: [24] Fitness: 0.0
INFO :: wrapper :: Brain: f3f05b8b-9 - Generation: 0 Path: [24] Fitness: 0.0
INFO :: wrapper :: Brain: 378cd2e1-6 - Generation: 0 Path: [32] Fitness: 0.0
INFO :: wrapper :: Brain: 845cc954-1 - Generation: 0 Path: [30] Fitness: 0.0
INFO :: wrapper :: Brain: 0d53904b-c - Generation: 0 Path: [26, 27, 28, 29] Fitness: 3.3
INFO :: wrapper :: Brain: d621064a-0 - Generation: 0 Path: [18] Fitness: 0.0
INFO :: wrapper :: Brain: fd4c9622-1 - Generation: 0 Path: [24] Fitness: 0.0
INFO :: wrapper :: Brain: dcb78980-c - Generation: 0 Path: [19] Fitness: 0.0
INFO :: wrapper :: Brain: 1a5cb19e-9 - Generation: 0 Path: [18] Fitness: 0.0
INFO :: wrapper :: Brain: 281975f0-a - Generation: 0 Path: [24] Fitness: 0.0
INFO :: wrapper :: Brain: 96219f21-3 - Generation: 0 Path: [31] Fitness: 0.0
INFO :: wrapper :: Brain: 9b026144-2 - Generation: 0 Path: [31] Fitness: 0.0
INFO :: wrapper :: Brain: e6188359-4 - Generation: 0 Path: [32] Fitness: 0.0
INFO :: wrapper :: Brain: 20d1a2dd-7 - Generation: 0 Path: [32] Fitness: 0.0
INFO :: wrapper :: Brain: 3fc49d31-a - Generation: 0 Path: [26, 27, 28, 29] Fitness: 3.3
INFO :: wrapper :: Brain: 5d66f879-3 - Generation: 0 Path: [31] Fitness: 0.0
INFO :: wrapper :: Brain: 47742285-3 - Generation: 0 Path: [24] Fitness: 0.0
INFO :: wrapper :: Brain: 1f01b0e4-a - Generation: 0 Path: [31] Fitness: 0.0
INFO :: wrapper :: Brain: aa181773-c - Generation: 0 Path: [24] Fitness: 0.0
INFO :: wrapper :: Brain: bfb5ba25-9 - Generation: 0 Path: [26, 27, 33] Fitness: 0.3
INFO :: wrapper :: Brain: 26ebb999-1 - Generation: 0 Path: [25, 25, 25, 25, 25, 25, 25, 25, 25, 25, 25, 25, 25, 25, 25, 25, 25, 25, 25, 25, 25, 25, 25, 25, 25, 25, 25, 25, 25, 25, 25, 25, 25, 25, 25, 25, 25, 25, 25, 25, 25] Fitness: 0.15
INFO :: wrapper :: Brain: 02dc6180-6 - Generation: 0 Path: [30] Fitness: 0.0
INFO :: wrapper :: Brain: 40cbf6cc-4 - Generation: 0 Path: [32] Fitness: 0.0
INFO :: wrapper :: Brain: 661378eb-1 - Generation: 0 Path: [31] Fitness: 0.0
INFO :: wrapper :: Brain: e21dc420-a - Generation: 0 Path: [20, 14, 15, 9, 4] Fitness: 0.6
INFO :: wrapper :: Brain: d56fcf7c-1 - Generation: 0 Path: [26, 19] Fitness: 0.15
INFO :: wrapper :: Brain: 26c87072-4 - Generation: 0 Path: [31] Fitness: 0.0
INFO :: wrapper :: Brain: 47c0ec65-7 - Generation: 0 Path: [32] Fitness: 0.0
INFO :: wrapper :: Brain: 8dc65b1e-1 - Generation: 0 Path: [19] Fitness: 0.0
INFO :: wrapper :: Brain: cca26c80-0 - Generation: 0 Path: [32] Fitness: 0.0
INFO :: wrapper :: Brain: ad812e0c-1 - Generation: 0 Path: [32] Fitness: 0.0
INFO :: wrapper :: Brain: 32a6c52f-a - Generation: 0 Path: [20, 20, 20, 20, 20, 20, 20, 20, 20, 20, 20, 20, 20, 20, 20, 20, 20, 20, 20, 20, 20, 20, 20, 20, 20, 20, 20, 20, 20, 20, 20, 20, 20, 20, 20, 20, 20, 20, 20, 20, 20] Fitness: 0.3
INFO :: wrapper :: Brain: 56a00240-4 - Generation: 0 Path: [26, 20, 21] Fitness: 0.3
INFO :: wrapper :: Brain: 989612fb-4 - Generation: 0 Path: [24] Fitness: 0.0
INFO :: wrapper :: Brain: edbbfe4d-c - Generation: 0 Path: [25, 25, 25, 25, 25, 25, 25, 25, 25, 25, 25, 25, 25, 25, 25, 25, 25, 25, 25, 25, 25, 25, 25, 25, 25, 25, 25, 25, 25, 25, 25, 25, 25, 25, 25, 25, 25, 25, 25, 25, 25] Fitness: 0.15
INFO :: wrapper :: Brain: 2fdcc4ae-b - Generation: 0 Path: [20, 13, 7, 0] Fitness: 0.44999999999999996
INFO :: wrapper :: Brain: 8a5e9631-0 - Generation: 0 Path: [20, 14, 9, 8, 7, 8, 7, 8, 7, 8, 7, 8, 7, 8, 7, 8, 7, 8, 7, 8, 7, 8, 7, 8, 7, 8, 7, 8, 7, 8, 7, 8, 7, 8, 7, 8, 7, 8, 7, 8, 7] Fitness: 0.75
INFO :: wrapper :: Brain: 9e35df28-2 - Generation: 0 Path: [31] Fitness: 0.0
INFO :: wrapper :: Brain: dbcdda77-5 - Generation: 0 Path: [18] Fitness: 0.0
INFO :: wrapper :: Brain: 8883431b-d - Generation: 0 Path: [18] Fitness: 0.0
INFO :: wrapper :: Brain: c332f4f9-a - Generation: 0 Path: [26, 32] Fitness: 0.15
INFO :: wrapper :: Brain: b3c61b2b-e - Generation: 0 Path: [25, 25, 25, 25, 25, 25, 25, 25, 25, 25, 25, 25, 25, 25, 25, 25, 25, 25, 25, 25, 25, 25, 25, 25, 25, 25, 25, 25, 25, 25, 25, 25, 25, 25, 25, 25, 25, 25, 25, 25, 25] Fitness: 0.15
INFO :: wrapper :: Brain: c7c0d4ad-e - Generation: 0 Path: [32] Fitness: 0.0
INFO :: wrapper :: Brain: c8054259-5 - Generation: 0 Path: [25, 25, 25, 25, 25, 25, 25, 25, 25, 25, 25, 25, 25, 25, 25, 25, 25, 25, 25, 25, 25, 25, 25, 25, 25, 25, 25, 25, 25, 25, 25, 25, 25, 25, 25, 25, 25, 25, 25, 25, 25] Fitness: 0.15
INFO :: wrapper :: Brain: bb47a011-b - Generation: 0 Path: [20, 15, 8, 3] Fitness: 0.44999999999999996
INFO :: wrapper :: Brain: acc881d6-8 - Generation: 0 Path: [18] Fitness: 0.0
INFO :: wrapper :: Brain: b95c53e8-1 - Generation: 0 Path: [32] Fitness: 0.0
INFO :: wrapper :: Brain: 03ed4935-d - Generation: 0 Path: [19] Fitness: 0.0
INFO :: wrapper :: Brain: 858bb688-a - Generation: 0 Path: [20, 15, 10, 11] Fitness: 3.3
INFO :: wrapper :: Brain: 1506281c-4 - Generation: 0 Path: [19] Fitness: 0.0
INFO :: wrapper :: Brain: d848ed82-d - Generation: 0 Path: [26, 27, 28, 29] Fitness: 3.3
INFO :: wrapper :: Brain: e6985919-6 - Generation: 0 Path: [30] Fitness: 0.0
INFO :: wrapper :: Brain: c2adeb57-8 - Generation: 0 Path: [26, 20, 15, 22, 16, 10, 4] Fitness: 3.75
INFO :: wrapper :: Brain: 02a556ed-a - Generation: 0 Path: [19] Fitness: 0.0
INFO :: wrapper :: Brain: 088d778e-d - Generation: 0 Path: [26, 27, 28, 29] Fitness: 3.3
INFO :: wrapper :: Brain: 50e64187-6 - Generation: 0 Path: [25, 25, 25, 25, 25, 25, 25, 25, 25, 25, 25, 25, 25, 25, 25, 25, 25, 25, 25, 25, 25, 25, 25, 25, 25, 25, 25, 25, 25, 25, 25, 25, 25, 25, 25, 25, 25, 25, 25, 25, 25] Fitness: 0.15
INFO :: wrapper :: Brain: 456bad80-f - Generation: 0 Path: [31] Fitness: 0.0
INFO :: wrapper :: Brain: 4bc5802b-2 - Generation: 0 Path: [26, 27, 28, 29] Fitness: 3.3
INFO :: wrapper :: Brain: a38f1923-a - Generation: 1 Path: [20, 14, 9, 10, 11] Fitness: 3.45
INFO :: wrapper :: Brain: 15bbe14f-9 - Generation: 1 Path: [19] Fitness: 0.0
INFO :: wrapper :: Brain: 4c20eee8-0 - Generation: 1 Path: [26, 27, 28, 22, 16, 10, 4] Fitness: 6.6
INFO :: wrapper :: Brain: 4fcca806-2 - Generation: 1 Path: [32] Fitness: 0.0
INFO :: wrapper :: Brain: e6b73ea8-f - Generation: 1 Path: [26, 27, 28, 22, 16, 15, 14, 15, 14, 15, 14, 15, 14, 15, 14, 15, 14, 15, 14, 15, 14, 15, 14, 15, 14, 15, 14, 15, 14, 15, 14, 15, 14, 15, 14, 15, 14, 15, 14, 15, 14] Fitness: 3.8999999999999995
INFO :: wrapper :: Brain: 02af1f08-e - Generation: 1 Path: [31] Fitness: 0.0
INFO :: wrapper :: Brain: f2593425-6 - Generation: 1 Path: [26, 20, 14, 8, 2] Fitness: 0.6
INFO :: wrapper :: Brain: e91ef0e8-f - Generation: 1 Path: [26, 27, 28, 29] Fitness: 3.3
INFO :: wrapper :: Brain: 6976691a-b - Generation: 1 Path: [26, 26, 26, 26, 26, 26, 26, 26, 26, 26, 26, 26, 26, 26, 26, 26, 26, 26, 26, 26, 26, 26, 26, 26, 26, 26, 26, 26, 26, 26, 26, 26, 26, 26, 26, 26, 26, 26, 26, 26, 26] Fitness: 0.3
INFO :: wrapper :: Brain: 3046cf04-4 - Generation: 1 Path: [26, 20, 21] Fitness: 0.3
INFO :: wrapper :: Brain: 05558797-2 - Generation: 1 Path: [26, 21] Fitness: 0.15
INFO :: wrapper :: Brain: 50a5ace0-f - Generation: 1 Path: [32] Fitness: 0.0
INFO :: wrapper :: Brain: a8f229cb-7 - Generation: 1 Path: [19] Fitness: 0.0
INFO :: wrapper :: Brain: 4312b5e0-e - Generation: 1 Path: [26, 27, 32] Fitness: 0.3
INFO :: wrapper :: Brain: 1f9dba9f-6 - Generation: 1 Path: [18] Fitness: 0.0
INFO :: wrapper :: Brain: c404bbe1-d - Generation: 1 Path: [26, 27, 28, 35] Fitness: 3.3
INFO :: wrapper :: Brain: 7699a827-a - Generation: 1 Path: [18] Fitness: 0.0
INFO :: wrapper :: Brain: 8218f51c-f - Generation: 1 Path: [26, 27, 28, 29] Fitness: 3.3
INFO :: wrapper :: Brain: 05005812-e - Generation: 1 Path: [20, 15, 16, 17] Fitness: 0.44999999999999996
INFO :: wrapper :: Brain: 3707759c-0 - Generation: 1 Path: [18] Fitness: 0.0
INFO :: wrapper :: Brain: 6e3a2b3e-9 - Generation: 1 Path: [26, 20, 14, 21] Fitness: 0.44999999999999996
INFO :: wrapper :: Brain: c2d41603-7 - Generation: 1 Path: [30] Fitness: 0.0
INFO :: wrapper :: Brain: 65e9ab9c-2 - Generation: 1 Path: [30] Fitness: 0.0
INFO :: wrapper :: Brain: 19e386ce-3 - Generation: 1 Path: [25, 25, 25, 25, 25, 25, 25, 25, 25, 25, 25, 25, 25, 25, 25, 25, 25, 25, 25, 25, 25, 25, 25, 25, 25, 25, 25, 25, 25, 25, 25, 25, 25, 25, 25, 25, 25, 25, 25, 25, 25] Fitness: 0.15
INFO :: wrapper :: Brain: 07a81232-0 - Generation: 1 Path: [26, 27, 28, 29] Fitness: 3.3
INFO :: wrapper :: Brain: 34c91bd4-8 - Generation: 1 Path: [32] Fitness: 0.0
INFO :: wrapper :: Brain: 3b7a5ba6-d - Generation: 1 Path: [32] Fitness: 0.0
INFO :: wrapper :: Brain: 915b4612-0 - Generation: 1 Path: [20, 25, 20, 25, 20, 25, 20, 25, 20, 25, 20, 25, 20, 25, 20, 25, 20, 25, 20, 25, 20, 25, 20, 25, 20, 25, 20, 25, 20, 25, 20, 25, 20, 25, 20, 25, 20, 25, 20, 25, 20] Fitness: 0.15
INFO :: wrapper :: Brain: 1b3e3571-b - Generation: 1 Path: [25, 25, 25, 25, 25, 25, 25, 25, 25, 25, 25, 25, 25, 25, 25, 25, 25, 25, 25, 25, 25, 25, 25, 25, 25, 25, 25, 25, 25, 25, 25, 25, 25, 25, 25, 25, 25, 25, 25, 25, 25] Fitness: 0.15
INFO :: wrapper :: Brain: c59b0d50-e - Generation: 1 Path: [31] Fitness: 0.0
INFO :: wrapper :: Brain: 70d789fd-1 - Generation: 1 Path: [25, 25, 25, 25, 25, 25, 25, 25, 25, 25, 25, 25, 25, 25, 25, 25, 25, 25, 25, 25, 25, 25, 25, 25, 25, 25, 25, 25, 25, 25, 25, 25, 25, 25, 25, 25, 25, 25, 25, 25, 25] Fitness: 0.15
INFO :: wrapper :: Brain: 6e2c9638-f - Generation: 1 Path: [18] Fitness: 0.0
INFO :: wrapper :: Brain: cce245e6-6 - Generation: 1 Path: [32] Fitness: 0.0
INFO :: wrapper :: Brain: f07b9277-5 - Generation: 1 Path: [32] Fitness: 0.0
INFO :: wrapper :: Brain: 3f22ef9f-f - Generation: 1 Path: [19] Fitness: 0.0
INFO :: wrapper :: Brain: bad35d4f-2 - Generation: 1 Path: [26, 27, 28, 29] Fitness: 3.3
INFO :: wrapper :: Brain: 03c49658-b - Generation: 1 Path: [32] Fitness: 0.0
INFO :: wrapper :: Brain: 2e5f6076-5 - Generation: 1 Path: [26, 27, 28, 22, 16, 10, 11] Fitness: 6.6
INFO :: wrapper :: Brain: 5d867925-b - Generation: 1 Path: [26, 27, 28, 29] Fitness: 3.3
INFO :: wrapper :: Brain: a4f96a0d-7 - Generation: 1 Path: [19] Fitness: 0.0
INFO :: wrapper :: Brain: dc87efd5-b - Generation: 1 Path: [32] Fitness: 0.0
INFO :: wrapper :: Brain: a3ae58b6-3 - Generation: 1 Path: [26, 27, 28, 28, 28, 28, 28, 28, 28, 28, 28, 28, 28, 28, 28, 28, 28, 28, 28, 28, 28, 28, 28, 28, 28, 28, 28, 28, 28, 28, 28, 28, 28, 28, 28, 28, 28, 28, 28, 28, 28] Fitness: 3.4499999999999997
INFO :: wrapper :: Brain: 52acf779-6 - Generation: 1 Path: [26, 27, 27, 27, 27, 27, 27, 27, 27, 27, 27, 27, 27, 27, 27, 27, 27, 27, 27, 27, 27, 27, 27, 27, 27, 27, 27, 27, 27, 27, 27, 27, 27, 27, 27, 27, 27, 27, 27, 27, 27] Fitness: 0.44999999999999996
INFO :: wrapper :: Brain: a4dd66a8-4 - Generation: 1 Path: [31] Fitness: 0.0
INFO :: wrapper :: Brain: 716cae6e-0 - Generation: 1 Path: [26, 27, 32] Fitness: 0.3
INFO :: wrapper :: Brain: 5959511e-4 - Generation: 1 Path: [25, 25, 25, 25, 25, 25, 25, 25, 25, 25, 25, 25, 25, 25, 25, 25, 25, 25, 25, 25, 25, 25, 25, 25, 25, 25, 25, 25, 25, 25, 25, 25, 25, 25, 25, 25, 25, 25, 25, 25, 25] Fitness: 0.15
INFO :: wrapper :: Brain: 16c96a57-9 - Generation: 1 Path: [19] Fitness: 0.0
INFO :: wrapper :: Brain: df8b2b10-6 - Generation: 1 Path: [25, 25, 25, 25, 25, 25, 25, 25, 25, 25, 25, 25, 25, 25, 25, 25, 25, 25, 25, 25, 25, 25, 25, 25, 25, 25, 25, 25, 25, 25, 25, 25, 25, 25, 25, 25, 25, 25, 25, 25, 25] Fitness: 0.15
INFO :: wrapper :: Brain: 82246a9b-3 - Generation: 1 Path: [20, 15, 10, 5] Fitness: 3.3
INFO :: wrapper :: Brain: fd2750ae-0 - Generation: 1 Path: [26, 27, 28, 29] Fitness: 3.3
INFO :: wrapper :: Brain: 28432c88-1 - Generation: 1 Path: [32] Fitness: 0.0
INFO :: wrapper :: Brain: b4b29072-5 - Generation: 1 Path: [26, 20, 13, 6] Fitness: 0.44999999999999996
INFO :: wrapper :: Brain: e2fdc98b-4 - Generation: 1 Path: [26, 27, 28, 29] Fitness: 3.3
INFO :: wrapper :: Brain: 330f3423-f - Generation: 1 Path: [26, 27, 28, 29] Fitness: 3.3
INFO :: wrapper :: Brain: d5381f7e-8 - Generation: 1 Path: [26, 27, 28, 21] Fitness: 3.3
INFO :: wrapper :: Brain: aaf4ec22-0 - Generation: 1 Path: [24] Fitness: 0.0
INFO :: wrapper :: Brain: fe9c5354-2 - Generation: 1 Path: [26, 27, 28, 34] Fitness: 3.3
INFO :: wrapper :: Brain: ac56b8c3-f - Generation: 1 Path: [26, 27, 28, 29] Fitness: 3.3
INFO :: wrapper :: Brain: 3f060d9a-e - Generation: 1 Path: [25, 25, 25, 25, 25, 25, 25, 25, 25, 25, 25, 25, 25, 25, 25, 25, 25, 25, 25, 25, 25, 25, 25, 25, 25, 25, 25, 25, 25, 25, 25, 25, 25, 25, 25, 25, 25, 25, 25, 25, 25] Fitness: 0.15
INFO :: wrapper :: Brain: f8ffeba7-a - Generation: 1 Path: [32] Fitness: 0.0
INFO :: wrapper :: Brain: af79defd-9 - Generation: 1 Path: [24] Fitness: 0.0
INFO :: wrapper :: Brain: 9089ae56-7 - Generation: 1 Path: [31] Fitness: 0.0
INFO :: wrapper :: Brain: c667b599-d - Generation: 1 Path: [25, 25, 25, 25, 25, 25, 25, 25, 25, 25, 25, 25, 25, 25, 25, 25, 25, 25, 25, 25, 25, 25, 25, 25, 25, 25, 25, 25, 25, 25, 25, 25, 25, 25, 25, 25, 25, 25, 25, 25, 25] Fitness: 0.15
INFO :: wrapper :: Brain: 5e5df57d-5 - Generation: 1 Path: [32] Fitness: 0.0
INFO :: wrapper :: Brain: cc21e181-b - Generation: 1 Path: [18] Fitness: 0.0
INFO :: wrapper :: Brain: b26ded07-a - Generation: 1 Path: [26, 27, 28, 29] Fitness: 3.3
INFO :: wrapper :: Brain: db9c405c-a - Generation: 1 Path: [26, 20, 21] Fitness: 0.3
INFO :: wrapper :: Brain: 92e21095-3 - Generation: 1 Path: [26, 27, 28, 29] Fitness: 3.3
INFO :: wrapper :: Brain: 6aacc6a9-7 - Generation: 1 Path: [26, 27, 28, 29] Fitness: 3.3
INFO :: wrapper :: Brain: a8dcbe18-8 - Generation: 1 Path: [19] Fitness: 0.0
INFO :: wrapper :: Brain: 47e84cc6-f - Generation: 1 Path: [32] Fitness: 0.0
INFO :: wrapper :: Brain: 946a9b0f-8 - Generation: 1 Path: [18] Fitness: 0.0
INFO :: wrapper :: Brain: 75a47a10-5 - Generation: 1 Path: [26, 27, 28, 29] Fitness: 3.3
INFO :: wrapper :: Brain: e714b4df-6 - Generation: 1 Path: [19] Fitness: 0.0
INFO :: wrapper :: Brain: 0a71d400-a - Generation: 1 Path: [26, 26, 26, 26, 26, 26, 26, 26, 26, 26, 26, 26, 26, 26, 26, 26, 26, 26, 26, 26, 26, 26, 26, 26, 26, 26, 26, 26, 26, 26, 26, 26, 26, 26, 26, 26, 26, 26, 26, 26, 26] Fitness: 0.3
INFO :: wrapper :: Brain: 2cee0013-7 - Generation: 1 Path: [24] Fitness: 0.0
INFO :: wrapper :: Brain: 637f9dcb-8 - Generation: 1 Path: [32] Fitness: 0.0
INFO :: wrapper :: Brain: 0a279f99-f - Generation: 1 Path: [19] Fitness: 0.0
INFO :: wrapper :: Brain: a8afa02d-9 - Generation: 1 Path: [26, 27, 28, 29] Fitness: 3.3
INFO :: wrapper :: Brain: 3a129fdd-e - Generation: 1 Path: [19] Fitness: 0.0
INFO :: wrapper :: Brain: b16bd4bb-c - Generation: 1 Path: [20, 25, 20, 25, 20, 25, 20, 25, 20, 25, 20, 25, 20, 25, 20, 25, 20, 25, 20, 25, 20, 25, 20, 25, 20, 25, 20, 25, 20, 25, 20, 25, 20, 25, 20, 25, 20, 25, 20, 25, 20] Fitness: 0.15
INFO :: wrapper :: Brain: 9ed95cd0-0 - Generation: 1 Path: [26, 21] Fitness: 0.15
INFO :: wrapper :: Brain: 6f63e01d-0 - Generation: 1 Path: [18] Fitness: 0.0
INFO :: wrapper :: Brain: 346e653f-9 - Generation: 1 Path: [32] Fitness: 0.0
INFO :: wrapper :: Brain: 013f1416-8 - Generation: 1 Path: [32] Fitness: 0.0
INFO :: wrapper :: Brain: d092f74a-d - Generation: 1 Path: [18] Fitness: 0.0
INFO :: wrapper :: Brain: d03b4c96-8 - Generation: 1 Path: [26, 27, 28, 29] Fitness: 3.3
INFO :: wrapper :: Brain: 2750105e-2 - Generation: 1 Path: [31] Fitness: 0.0
INFO :: wrapper :: Brain: a6ecff7e-d - Generation: 1 Path: [30] Fitness: 0.0
INFO :: wrapper :: Brain: c58086c6-1 - Generation: 1 Path: [26, 19] Fitness: 0.15
INFO :: wrapper :: Brain: 2cc12f6c-b - Generation: 1 Path: [26, 26, 26, 26, 26, 26, 26, 26, 26, 26, 26, 26, 26, 26, 26, 26, 26, 26, 26, 26, 26, 26, 26, 26, 26, 26, 26, 26, 26, 26, 26, 26, 26, 26, 26, 26, 26, 26, 26, 26, 26] Fitness: 0.3
INFO :: wrapper :: Brain: e262534d-5 - Generation: 1 Path: [19] Fitness: 0.0
INFO :: wrapper :: Brain: 8a9ddaf7-f - Generation: 1 Path: [31] Fitness: 0.0
INFO :: wrapper :: Brain: 3d9774d4-7 - Generation: 1 Path: [20, 15, 16, 11] Fitness: 0.44999999999999996
INFO :: wrapper :: Brain: 88498185-e - Generation: 1 Path: [32] Fitness: 0.0
INFO :: wrapper :: Brain: c39e74d0-c - Generation: 1 Path: [19] Fitness: 0.0
INFO :: wrapper :: Brain: 973a17b2-9 - Generation: 1 Path: [26, 27, 34] Fitness: 0.3
INFO :: wrapper :: Brain: 4a77cb7e-0 - Generation: 1 Path: [26, 27, 28, 21] Fitness: 3.3
INFO :: wrapper :: Brain: e749414e-d - Generation: 1 Path: [26, 27, 28, 22, 16, 10, 15, 16, 21] Fitness: 6.75
INFO :: wrapper :: Brain: 9ef7890e-8 - Generation: 1 Path: [26, 27, 28, 28, 28, 28, 28, 28, 28, 28, 28, 28, 28, 28, 28, 28, 28, 28, 28, 28, 28, 28, 28, 28, 28, 28, 28, 28, 28, 28, 28, 28, 28, 28, 28, 28, 28, 28, 28, 28, 28] Fitness: 3.4499999999999997
INFO :: wrapper :: Brain: 11c38b01-a - Generation: 1 Path: [31] Fitness: 0.0
INFO :: wrapper :: Brain: ff138774-f - Generation: 1 Path: [30] Fitness: 0.0
INFO :: wrapper :: Brain: 17188fe3-8 - Generation: 1 Path: [26, 27, 28, 29] Fitness: 3.3
INFO :: wrapper :: Brain: 84ac1088-1 - Generation: 1 Path: [19] Fitness: 0.0
INFO :: wrapper :: Brain: c762a885-d - Generation: 1 Path: [25, 25, 25, 25, 25, 25, 25, 25, 25, 25, 25, 25, 25, 25, 25, 25, 25, 25, 25, 25, 25, 25, 25, 25, 25, 25, 25, 25, 25, 25, 25, 25, 25, 25, 25, 25, 25, 25, 25, 25, 25] Fitness: 0.15
INFO :: wrapper :: Brain: e5b309c4-b - Generation: 1 Path: [32] Fitness: 0.0
INFO :: wrapper :: Brain: 510a026e-8 - Generation: 1 Path: [18] Fitness: 0.0
INFO :: wrapper :: Brain: 1260c657-3 - Generation: 1 Path: [26, 27, 28, 22, 27, 21] Fitness: 3.4499999999999997
INFO :: wrapper :: Brain: 3fa3b21c-b - Generation: 1 Path: [30] Fitness: 0.0
INFO :: wrapper :: Brain: 556617b9-7 - Generation: 1 Path: [24] Fitness: 0.0
INFO :: wrapper :: Brain: 83416b3b-6 - Generation: 1 Path: [24] Fitness: 0.0
INFO :: wrapper :: Brain: da5753fe-8 - Generation: 1 Path: [32] Fitness: 0.0
INFO :: wrapper :: Brain: 8514a637-7 - Generation: 1 Path: [31] Fitness: 0.0
INFO :: wrapper :: Brain: 6ab5fe6c-f - Generation: 1 Path: [26, 27, 28, 29] Fitness: 3.3
INFO :: wrapper :: Brain: 6c8a4092-a - Generation: 1 Path: [26, 27, 28, 29] Fitness: 3.3
INFO :: wrapper :: Brain: 47ca0003-e - Generation: 1 Path: [26, 27, 21] Fitness: 0.3
INFO :: wrapper :: Brain: 96655031-f - Generation: 1 Path: [26, 27, 28, 23] Fitness: 3.3
INFO :: wrapper :: Brain: 6f104e9e-6 - Generation: 1 Path: [32] Fitness: 0.0
INFO :: wrapper :: Brain: 7411e2fc-3 - Generation: 1 Path: [24] Fitness: 0.0
INFO :: wrapper :: Brain: 10922bd8-7 - Generation: 1 Path: [26, 27, 28, 29] Fitness: 3.3
INFO :: wrapper :: Brain: 5c4bf2c6-0 - Generation: 1 Path: [26, 27, 28, 29] Fitness: 3.3
INFO :: wrapper :: Brain: d5a14390-4 - Generation: 1 Path: [26, 33] Fitness: 0.15
INFO :: wrapper :: Brain: 954b9cec-1 - Generation: 1 Path: [24] Fitness: 0.0
INFO :: wrapper :: Brain: a91fb095-0 - Generation: 1 Path: [24] Fitness: 0.0
INFO :: wrapper :: Brain: 77714a3c-a - Generation: 1 Path: [26, 27, 28, 29] Fitness: 3.3
INFO :: wrapper :: Brain: f6172291-5 - Generation: 1 Path: [19] Fitness: 0.0
INFO :: wrapper :: Brain: f33c4257-d - Generation: 1 Path: [19] Fitness: 0.0
INFO :: wrapper :: Brain: 7c0c78ae-e - Generation: 1 Path: [32] Fitness: 0.0
INFO :: wrapper :: Brain: a9a2d42e-6 - Generation: 1 Path: [32] Fitness: 0.0
INFO :: wrapper :: Brain: 974d6413-6 - Generation: 1 Path: [26, 27, 28, 21] Fitness: 3.3
INFO :: wrapper :: Brain: d350daf6-c - Generation: 1 Path: [19] Fitness: 0.0
INFO :: wrapper :: Brain: dedf3a81-9 - Generation: 1 Path: [18] Fitness: 0.0
INFO :: wrapper :: Brain: 75c98401-9 - Generation: 1 Path: [25, 25, 25, 25, 25, 25, 25, 25, 25, 25, 25, 25, 25, 25, 25, 25, 25, 25, 25, 25, 25, 25, 25, 25, 25, 25, 25, 25, 25, 25, 25, 25, 25, 25, 25, 25, 25, 25, 25, 25, 25] Fitness: 0.15
INFO :: wrapper :: Brain: 04d6147b-7 - Generation: 1 Path: [26, 27, 28, 28, 28, 28, 28, 28, 28, 28, 28, 28, 28, 28, 28, 28, 28, 28, 28, 28, 28, 28, 28, 28, 28, 28, 28, 28, 28, 28, 28, 28, 28, 28, 28, 28, 28, 28, 28, 28, 28] Fitness: 3.4499999999999997
INFO :: wrapper :: Brain: a5f9a45e-6 - Generation: 1 Path: [32] Fitness: 0.0
INFO :: wrapper :: Brain: 96efe13c-a - Generation: 1 Path: [26, 27, 32] Fitness: 0.3
INFO :: wrapper :: Brain: f7b047a8-6 - Generation: 1 Path: [19] Fitness: 0.0
INFO :: wrapper :: Brain: 280725c8-8 - Generation: 1 Path: [26, 20, 21] Fitness: 0.3
INFO :: wrapper :: Brain: e209a5a3-f - Generation: 1 Path: [19] Fitness: 0.0
INFO :: wrapper :: Brain: 86c18fd8-4 - Generation: 1 Path: [30] Fitness: 0.0
INFO :: wrapper :: Brain: 5b16b3e9-c - Generation: 1 Path: [26, 27, 28, 35] Fitness: 3.3
INFO :: wrapper :: Brain: d874e91a-2 - Generation: 1 Path: [26, 27, 28, 29] Fitness: 3.3
INFO :: wrapper :: Brain: a9bede0e-0 - Generation: 1 Path: [18] Fitness: 0.0
INFO :: wrapper :: Brain: e01ec3b2-1 - Generation: 1 Path: [31] Fitness: 0.0
INFO :: wrapper :: Brain: e6dbdd9d-0 - Generation: 1 Path: [26, 27, 28, 29] Fitness: 3.3
INFO :: wrapper :: Brain: 50f040ff-4 - Generation: 1 Path: [26, 27, 28, 22, 16, 10, 4] Fitness: 6.6
INFO :: wrapper :: Brain: ed4abc73-d - Generation: 1 Path: [19] Fitness: 0.0
INFO :: wrapper :: Brain: 46fedc12-2 - Generation: 1 Path: [24] Fitness: 0.0
INFO :: wrapper :: Brain: a8070784-4 - Generation: 1 Path: [26, 20, 14, 15, 9, 10, 11] Fitness: 3.75
INFO :: wrapper :: Brain: 3de1fc1a-0 - Generation: 1 Path: [25, 25, 25, 25, 25, 25, 25, 25, 25, 25, 25, 25, 25, 25, 25, 25, 25, 25, 25, 25, 25, 25, 25, 25, 25, 25, 25, 25, 25, 25, 25, 25, 25, 25, 25, 25, 25, 25, 25, 25, 25] Fitness: 0.15
INFO :: wrapper :: Brain: fb9d355b-5 - Generation: 1 Path: [24] Fitness: 0.0
INFO :: wrapper :: Brain: f69b99c1-0 - Generation: 1 Path: [26, 20, 21] Fitness: 0.3
INFO :: wrapper :: Brain: 6b39c884-0 - Generation: 1 Path: [19] Fitness: 0.0
INFO :: wrapper :: Brain: 261bccd0-9 - Generation: 1 Path: [20, 15, 10, 9, 4] Fitness: 3.4499999999999997
INFO :: wrapper :: Brain: 28bae7c8-a - Generation: 1 Path: [31] Fitness: 0.0
INFO :: wrapper :: Brain: fea2dcc6-5 - Generation: 1 Path: [30] Fitness: 0.0
INFO :: wrapper :: Brain: 4324a74c-6 - Generation: 1 Path: [19] Fitness: 0.0
INFO :: wrapper :: Brain: 23cc328d-9 - Generation: 1 Path: [25, 25, 25, 25, 25, 25, 25, 25, 25, 25, 25, 25, 25, 25, 25, 25, 25, 25, 25, 25, 25, 25, 25, 25, 25, 25, 25, 25, 25, 25, 25, 25, 25, 25, 25, 25, 25, 25, 25, 25, 25] Fitness: 0.15
INFO :: wrapper :: Brain: d29fb800-b - Generation: 1 Path: [32] Fitness: 0.0
INFO :: wrapper :: Brain: 4f3d1a88-f - Generation: 1 Path: [26, 27, 28, 22, 16, 10, 4] Fitness: 6.6
INFO :: wrapper :: Brain: 4a6caf4c-6 - Generation: 1 Path: [30] Fitness: 0.0
INFO :: wrapper :: Brain: bf80b97d-d - Generation: 1 Path: [32] Fitness: 0.0
INFO :: wrapper :: Brain: dfb6f655-7 - Generation: 1 Path: [26, 27, 28, 29] Fitness: 3.3
INFO :: wrapper :: Brain: fcc33e1b-b - Generation: 1 Path: [32] Fitness: 0.0
INFO :: wrapper :: Brain: 166e7603-a - Generation: 1 Path: [26, 21] Fitness: 0.15
INFO :: wrapper :: Brain: 8ac8dc1d-2 - Generation: 1 Path: [26, 27, 28, 34] Fitness: 3.3
INFO :: wrapper :: Brain: d553d852-0 - Generation: 1 Path: [26, 27, 28, 29] Fitness: 3.3
INFO :: wrapper :: Brain: ac8b4468-8 - Generation: 1 Path: [26, 27, 28, 29] Fitness: 3.3
INFO :: wrapper :: Brain: 19cd199a-a - Generation: 1 Path: [24] Fitness: 0.0
INFO :: wrapper :: Brain: d8833808-7 - Generation: 1 Path: [26, 33] Fitness: 0.15
INFO :: wrapper :: Brain: 1c9dd275-8 - Generation: 1 Path: [26, 26, 26, 26, 26, 26, 26, 26, 26, 26, 26, 26, 26, 26, 26, 26, 26, 26, 26, 26, 26, 26, 26, 26, 26, 26, 26, 26, 26, 26, 26, 26, 26, 26, 26, 26, 26, 26, 26, 26, 26] Fitness: 0.3
INFO :: wrapper :: Brain: 33e25c4a-8 - Generation: 1 Path: [26, 20, 21] Fitness: 0.3
INFO :: wrapper :: Brain: 80d31e8e-f - Generation: 1 Path: [26, 25, 26, 25, 26, 25, 26, 25, 26, 25, 26, 25, 26, 25, 26, 25, 26, 25, 26, 25, 26, 25, 26, 25, 26, 25, 26, 25, 26, 25, 26, 25, 26, 25, 26, 25, 26, 25, 26, 25, 26] Fitness: 0.15
INFO :: wrapper :: Brain: 1a444f54-8 - Generation: 1 Path: [25, 25, 25, 25, 25, 25, 25, 25, 25, 25, 25, 25, 25, 25, 25, 25, 25, 25, 25, 25, 25, 25, 25, 25, 25, 25, 25, 25, 25, 25, 25, 25, 25, 25, 25, 25, 25, 25, 25, 25, 25] Fitness: 0.15
INFO :: wrapper :: Brain: f1e05e64-5 - Generation: 1 Path: [19] Fitness: 0.0
INFO :: wrapper :: Brain: de8b6b1c-3 - Generation: 1 Path: [26, 27, 28, 29] Fitness: 3.3
INFO :: wrapper :: Brain: f9adceee-d - Generation: 1 Path: [31] Fitness: 0.0
INFO :: wrapper :: Brain: 91eb9dd1-3 - Generation: 1 Path: [32] Fitness: 0.0
INFO :: wrapper :: Brain: 31d5a4aa-5 - Generation: 1 Path: [26, 31] Fitness: 0.15
INFO :: wrapper :: Brain: 52df0307-0 - Generation: 1 Path: [18] Fitness: 0.0
INFO :: wrapper :: Brain: 1f2de0f5-6 - Generation: 1 Path: [18] Fitness: 0.0
INFO :: wrapper :: Brain: 3b414f8d-f - Generation: 1 Path: [26, 20, 21] Fitness: 0.3
INFO :: wrapper :: Brain: f7f171fe-c - Generation: 1 Path: [19] Fitness: 0.0
INFO :: wrapper :: Brain: 3036a087-c - Generation: 1 Path: [20, 15, 10, 5] Fitness: 3.3
INFO :: wrapper :: Brain: 3441ef0a-b - Generation: 1 Path: [26, 27, 28, 27, 28, 27, 28, 27, 28, 27, 28, 27, 28, 27, 28, 27, 28, 27, 28, 27, 28, 27, 28, 27, 28, 27, 28, 27, 28, 27, 28, 27, 28, 27, 28, 27, 28, 27, 28, 27, 28] Fitness: 3.3
INFO :: wrapper :: Brain: 34f3769e-4 - Generation: 1 Path: [24] Fitness: 0.0
INFO :: wrapper :: Brain: 76407771-b - Generation: 1 Path: [19] Fitness: 0.0
INFO :: wrapper :: Brain: d2a58db7-6 - Generation: 1 Path: [26, 27, 28, 29] Fitness: 3.3
INFO :: wrapper :: Brain: 73ad9ac9-3 - Generation: 1 Path: [26, 27, 28, 29] Fitness: 3.3
INFO :: wrapper :: Brain: 46627268-7 - Generation: 1 Path: [26, 27, 28, 22, 27, 21] Fitness: 3.4499999999999997
INFO :: wrapper :: Brain: 03fa0bfa-b - Generation: 1 Path: [26, 20, 21] Fitness: 0.3
INFO :: wrapper :: Brain: 13698cc5-0 - Generation: 1 Path: [26, 27, 28, 22, 16, 10, 4] Fitness: 6.6
INFO :: wrapper :: Brain: 89e465fd-b - Generation: 1 Path: [19] Fitness: 0.0
INFO :: wrapper :: Brain: 44c2c75a-4 - Generation: 1 Path: [26, 27, 28, 27, 28, 27, 28, 27, 28, 27, 28, 27, 28, 27, 28, 27, 28, 27, 28, 27, 28, 27, 28, 27, 28, 27, 28, 27, 28, 27, 28, 27, 28, 27, 28, 27, 28, 27, 28, 27, 28] Fitness: 3.3
INFO :: wrapper :: Brain: 37fa5448-c - Generation: 1 Path: [32] Fitness: 0.0
INFO :: wrapper :: Brain: e3bdf369-6 - Generation: 1 Path: [18] Fitness: 0.0
INFO :: wrapper :: Brain: bd34aab4-3 - Generation: 1 Path: [18] Fitness: 0.0
INFO :: wrapper :: Brain: 928f167a-1 - Generation: 1 Path: [20, 25, 20, 25, 20, 25, 20, 25, 20, 25, 20, 25, 20, 25, 20, 25, 20, 25, 20, 25, 20, 25, 20, 25, 20, 25, 20, 25, 20, 25, 20, 25, 20, 25, 20, 25, 20, 25, 20, 25, 20] Fitness: 0.15
INFO :: wrapper :: Brain: dfb6e32d-3 - Generation: 1 Path: [26, 27, 28, 29] Fitness: 3.3
INFO :: wrapper :: Brain: 8bc9804f-b - Generation: 1 Path: [20, 14, 9, 14, 9, 14, 9, 14, 9, 14, 9, 14, 9, 14, 9, 14, 9, 14, 9, 14, 9, 14, 9, 14, 9, 14, 9, 14, 9, 14, 9, 14, 9, 14, 9, 14, 9, 14, 9, 14, 9] Fitness: 0.44999999999999996
INFO :: wrapper :: Brain: 5e03af29-1 - Generation: 1 Path: [20, 13, 8, 7, 2] Fitness: 0.6
INFO :: wrapper :: Brain: e1b864c9-e - Generation: 1 Path: [20, 15, 10, 5] Fitness: 3.3
INFO :: wrapper :: Brain: f5209a10-e - Generation: 1 Path: [18] Fitness: 0.0
INFO :: wrapper :: Brain: fa3dc352-6 - Generation: 1 Path: [20, 15, 16, 21] Fitness: 0.44999999999999996
INFO :: wrapper :: Brain: af9db94e-4 - Generation: 1 Path: [31] Fitness: 0.0
INFO :: wrapper :: Brain: 4bf2e241-b - Generation: 1 Path: [32] Fitness: 0.0
INFO :: wrapper :: Brain: 35d5441b-d - Generation: 1 Path: [26, 27, 28, 29] Fitness: 3.3
INFO :: wrapper :: Brain: 944173fd-b - Generation: 1 Path: [19] Fitness: 0.0
INFO :: wrapper :: Brain: efda475b-f - Generation: 1 Path: [26, 27, 28, 29] Fitness: 3.3
INFO :: wrapper :: Brain: df1fbc62-0 - Generation: 1 Path: [26, 20, 14, 8, 9, 3] Fitness: 0.75
INFO :: wrapper :: Brain: 24e2224c-6 - Generation: 1 Path: [26, 27, 28, 33] Fitness: 3.3
INFO :: wrapper :: Brain: f7679c32-f - Generation: 1 Path: [18] Fitness: 0.0
INFO :: wrapper :: Brain: f45edf98-5 - Generation: 1 Path: [26, 27, 21] Fitness: 0.3
INFO :: wrapper :: Brain: b6f85061-0 - Generation: 1 Path: [26, 27, 28, 29] Fitness: 3.3
INFO :: wrapper :: Brain: 567b7a01-1 - Generation: 1 Path: [18] Fitness: 0.0
INFO :: wrapper :: Brain: 75afa42b-d - Generation: 1 Path: [26, 27, 28, 29] Fitness: 3.3
INFO :: wrapper :: Brain: fd7d6768-2 - Generation: 1 Path: [30] Fitness: 0.0
INFO :: wrapper :: Brain: 475433cb-a - Generation: 1 Path: [24] Fitness: 0.0
INFO :: wrapper :: Brain: 193fdd65-e - Generation: 1 Path: [26, 26, 26, 26, 26, 26, 26, 26, 26, 26, 26, 26, 26, 26, 26, 26, 26, 26, 26, 26, 26, 26, 26, 26, 26, 26, 26, 26, 26, 26, 26, 26, 26, 26, 26, 26, 26, 26, 26, 26, 26] Fitness: 0.3
INFO :: wrapper :: Brain: 34962e96-c - Generation: 1 Path: [19] Fitness: 0.0
INFO :: wrapper :: Brain: 844865d4-4 - Generation: 1 Path: [26, 27, 28, 29] Fitness: 3.3
INFO :: wrapper :: Brain: 1f2cf9a8-f - Generation: 1 Path: [19] Fitness: 0.0
INFO :: wrapper :: Brain: 67c55da9-d - Generation: 1 Path: [18] Fitness: 0.0
INFO :: wrapper :: Brain: 9503cc06-4 - Generation: 1 Path: [26, 27, 28, 29] Fitness: 3.3
INFO :: wrapper :: Brain: adc5dcc5-6 - Generation: 1 Path: [19] Fitness: 0.0
INFO :: wrapper :: Brain: 3e610839-1 - Generation: 1 Path: [19] Fitness: 0.0
INFO :: wrapper :: Brain: efbcfaae-e - Generation: 1 Path: [26, 25, 26, 25, 26, 25, 26, 25, 26, 25, 26, 25, 26, 25, 26, 25, 26, 25, 26, 25, 26, 25, 26, 25, 26, 25, 26, 25, 26, 25, 26, 25, 26, 25, 26, 25, 26, 25, 26, 25, 26] Fitness: 0.15
INFO :: wrapper :: Brain: 720d67eb-a - Generation: 1 Path: [32] Fitness: 0.0
INFO :: wrapper :: Brain: e5a0d34a-4 - Generation: 1 Path: [26, 26, 26, 26, 26, 26, 26, 26, 26, 26, 26, 26, 26, 26, 26, 26, 26, 26, 26, 26, 26, 26, 26, 26, 26, 26, 26, 26, 26, 26, 26, 26, 26, 26, 26, 26, 26, 26, 26, 26, 26] Fitness: 0.3
INFO :: wrapper :: Brain: e9390a84-a - Generation: 1 Path: [25, 25, 25, 25, 25, 25, 25, 25, 25, 25, 25, 25, 25, 25, 25, 25, 25, 25, 25, 25, 25, 25, 25, 25, 25, 25, 25, 25, 25, 25, 25, 25, 25, 25, 25, 25, 25, 25, 25, 25, 25] Fitness: 0.15
INFO :: wrapper :: Brain: 339fe4c8-c - Generation: 1 Path: [26, 27, 21] Fitness: 0.3
INFO :: wrapper :: Brain: 39ec7a55-b - Generation: 1 Path: [26, 27, 28, 29] Fitness: 3.3
INFO :: wrapper :: Brain: 438eab9b-4 - Generation: 1 Path: [26, 27, 28, 29] Fitness: 3.3
INFO :: wrapper :: Brain: 89c5a4f6-c - Generation: 1 Path: [32] Fitness: 0.0
INFO :: wrapper :: Brain: ad76c1d1-b - Generation: 1 Path: [32] Fitness: 0.0
INFO :: wrapper :: Brain: 1a537277-9 - Generation: 1 Path: [19] Fitness: 0.0
INFO :: wrapper :: Brain: c3b4e728-8 - Generation: 1 Path: [26, 27, 28, 27, 28, 27, 28, 27, 28, 27, 28, 27, 28, 27, 28, 27, 28, 27, 28, 27, 28, 27, 28, 27, 28, 27, 28, 27, 28, 27, 28, 27, 28, 27, 28, 27, 28, 27, 28, 27, 28] Fitness: 3.3
INFO :: wrapper :: Brain: ae06ee82-2 - Generation: 1 Path: [25, 25, 25, 25, 25, 25, 25, 25, 25, 25, 25, 25, 25, 25, 25, 25, 25, 25, 25, 25, 25, 25, 25, 25, 25, 25, 25, 25, 25, 25, 25, 25, 25, 25, 25, 25, 25, 25, 25, 25, 25] Fitness: 0.15
INFO :: wrapper :: Brain: 83443c5f-2 - Generation: 1 Path: [32] Fitness: 0.0
INFO :: wrapper :: Brain: 24441bce-1 - Generation: 1 Path: [24] Fitness: 0.0
INFO :: wrapper :: Brain: 7bd2917b-6 - Generation: 1 Path: [31] Fitness: 0.0
INFO :: wrapper :: Brain: 3f572fe8-1 - Generation: 1 Path: [32] Fitness: 0.0
INFO :: wrapper :: Brain: ae551de1-8 - Generation: 1 Path: [26, 27, 26, 27, 26, 27, 26, 27, 26, 27, 26, 27, 26, 27, 26, 27, 26, 27, 26, 27, 26, 27, 26, 27, 26, 27, 26, 27, 26, 27, 26, 27, 26, 27, 26, 27, 26, 27, 26, 27, 26] Fitness: 0.3
INFO :: wrapper :: Brain: dfea0060-4 - Generation: 1 Path: [32] Fitness: 0.0
INFO :: wrapper :: Brain: c9e8989b-7 - Generation: 1 Path: [24] Fitness: 0.0
INFO :: wrapper :: Brain: 8d400c72-6 - Generation: 1 Path: [19] Fitness: 0.0
INFO :: wrapper :: Brain: 73b80dfc-0 - Generation: 1 Path: [19] Fitness: 0.0
INFO :: wrapper :: Brain: 89ee02fc-2 - Generation: 1 Path: [32] Fitness: 0.0
INFO :: wrapper :: Brain: 1ee5f819-c - Generation: 1 Path: [26, 27, 20, 14, 8, 9, 10, 15, 9, 10, 15, 9, 10, 15, 9, 10, 15, 9, 10, 15, 9, 10, 15, 9, 10, 15, 9, 10, 15, 9, 10, 15, 9, 10, 15, 9, 10, 15, 9, 10, 15] Fitness: 4.05
INFO :: wrapper :: Brain: ee3049e0-5 - Generation: 1 Path: [19] Fitness: 0.0
INFO :: wrapper :: Brain: 29b26276-6 - Generation: 1 Path: [31] Fitness: 0.0
INFO :: wrapper :: Brain: 2ca7c7a1-7 - Generation: 1 Path: [26, 27, 28, 35] Fitness: 3.3
INFO :: wrapper :: Brain: 5a2c8a4e-6 - Generation: 1 Path: [26, 27, 28, 29] Fitness: 3.3
INFO :: wrapper :: Brain: 27361e03-b - Generation: 1 Path: [26, 33] Fitness: 0.15
INFO :: wrapper :: Brain: 89754227-8 - Generation: 1 Path: [32] Fitness: 0.0
INFO :: wrapper :: Brain: 098dd0e4-3 - Generation: 1 Path: [26, 27, 28, 23] Fitness: 3.3
INFO :: wrapper :: Brain: 23e72e21-3 - Generation: 1 Path: [25, 25, 25, 25, 25, 25, 25, 25, 25, 25, 25, 25, 25, 25, 25, 25, 25, 25, 25, 25, 25, 25, 25, 25, 25, 25, 25, 25, 25, 25, 25, 25, 25, 25, 25, 25, 25, 25, 25, 25, 25] Fitness: 0.15
INFO :: wrapper :: Brain: e9a6af8c-0 - Generation: 1 Path: [32] Fitness: 0.0
INFO :: wrapper :: Brain: 38e01a7f-d - Generation: 1 Path: [19] Fitness: 0.0
INFO :: wrapper :: Brain: d4c054f7-2 - Generation: 1 Path: [32] Fitness: 0.0
INFO :: wrapper :: Brain: 4d450f07-5 - Generation: 1 Path: [24] Fitness: 0.0
INFO :: wrapper :: Brain: 4bcee973-6 - Generation: 1 Path: [19] Fitness: 0.0
INFO :: wrapper :: Brain: eaa38c61-c - Generation: 1 Path: [26, 27, 28, 29] Fitness: 3.3
INFO :: wrapper :: Brain: 0b7543a3-1 - Generation: 1 Path: [31] Fitness: 0.0
INFO :: wrapper :: Brain: b1afdf3e-e - Generation: 1 Path: [26, 26, 26, 26, 26, 26, 26, 26, 26, 26, 26, 26, 26, 26, 26, 26, 26, 26, 26, 26, 26, 26, 26, 26, 26, 26, 26, 26, 26, 26, 26, 26, 26, 26, 26, 26, 26, 26, 26, 26, 26] Fitness: 0.3
INFO :: wrapper :: Brain: 92654aac-d - Generation: 1 Path: [19] Fitness: 0.0
INFO :: wrapper :: Brain: 503a0a4c-7 - Generation: 1 Path: [26, 27, 28, 22, 27, 21] Fitness: 3.4499999999999997
INFO :: wrapper :: Brain: 10ac4b42-9 - Generation: 1 Path: [26, 26, 26, 26, 26, 26, 26, 26, 26, 26, 26, 26, 26, 26, 26, 26, 26, 26, 26, 26, 26, 26, 26, 26, 26, 26, 26, 26, 26, 26, 26, 26, 26, 26, 26, 26, 26, 26, 26, 26, 26] Fitness: 0.3
INFO :: wrapper :: Brain: 249b0d1b-c - Generation: 1 Path: [26, 27, 28, 29] Fitness: 3.3
INFO :: wrapper :: Brain: 5b6237e8-a - Generation: 1 Path: [19] Fitness: 0.0
INFO :: wrapper :: Brain: ebb90df2-5 - Generation: 1 Path: [26, 20, 21] Fitness: 0.3
INFO :: wrapper :: Brain: 23ae07b9-a - Generation: 1 Path: [18] Fitness: 0.0
INFO :: wrapper :: Brain: 980819b7-b - Generation: 1 Path: [32] Fitness: 0.0
INFO :: wrapper :: Brain: e3ab49f8-f - Generation: 1 Path: [31] Fitness: 0.0
INFO :: wrapper :: Brain: 1961a633-e - Generation: 1 Path: [18] Fitness: 0.0
INFO :: wrapper :: Brain: e89a70f8-c - Generation: 1 Path: [20, 15, 9, 16, 10, 5] Fitness: 3.6
INFO :: wrapper :: Brain: d694c67a-c - Generation: 1 Path: [26, 27, 28, 29] Fitness: 3.3
INFO :: wrapper :: Brain: a4f6efff-7 - Generation: 1 Path: [26, 27, 28, 28, 28, 28, 28, 28, 28, 28, 28, 28, 28, 28, 28, 28, 28, 28, 28, 28, 28, 28, 28, 28, 28, 28, 28, 28, 28, 28, 28, 28, 28, 28, 28, 28, 28, 28, 28, 28, 28] Fitness: 3.4499999999999997
INFO :: wrapper :: Brain: aa0e9339-f - Generation: 1 Path: [30] Fitness: 0.0
INFO :: wrapper :: Brain: f4941eee-6 - Generation: 1 Path: [26, 27, 28, 34] Fitness: 3.3
INFO :: wrapper :: Brain: 0fd284cb-e - Generation: 1 Path: [26, 27, 28, 29] Fitness: 3.3
INFO :: wrapper :: Brain: df78e112-d - Generation: 1 Path: [26, 31] Fitness: 0.15
INFO :: wrapper :: Brain: 4d1da328-a - Generation: 1 Path: [26, 27, 28, 29] Fitness: 3.3
INFO :: wrapper :: Brain: 84d37cca-3 - Generation: 1 Path: [32] Fitness: 0.0
INFO :: wrapper :: Brain: f631abaf-5 - Generation: 1 Path: [26, 27, 28, 29] Fitness: 3.3
INFO :: wrapper :: Brain: be41ce95-6 - Generation: 1 Path: [26, 27, 28, 29] Fitness: 3.3
INFO :: wrapper :: Brain: b94b3e56-e - Generation: 1 Path: [26, 20, 26, 20, 26, 20, 26, 20, 26, 20, 26, 20, 26, 20, 26, 20, 26, 20, 26, 20, 26, 20, 26, 20, 26, 20, 26, 20, 26, 20, 26, 20, 26, 20, 26, 20, 26, 20, 26, 20, 26] Fitness: 0.3
INFO :: wrapper :: Brain: 87830cb4-5 - Generation: 1 Path: [26, 27, 28, 29] Fitness: 3.3
INFO :: wrapper :: Brain: 1ddf51a5-0 - Generation: 1 Path: [24] Fitness: 0.0
INFO :: wrapper :: Brain: 62e23a65-7 - Generation: 1 Path: [18] Fitness: 0.0
INFO :: wrapper :: Brain: 661710e2-0 - Generation: 1 Path: [32] Fitness: 0.0
INFO :: wrapper :: Brain: 47eb2814-5 - Generation: 1 Path: [26, 27, 28, 29] Fitness: 3.3
INFO :: wrapper :: Brain: 6a83e21b-7 - Generation: 1 Path: [18] Fitness: 0.0
INFO :: wrapper :: Brain: 5bb769e2-8 - Generation: 1 Path: [20, 15, 10, 10, 10, 10, 10, 10, 10, 10, 10, 10, 10, 10, 10, 10, 10, 10, 10, 10, 10, 10, 10, 10, 10, 10, 10, 10, 10, 10, 10, 10, 10, 10, 10, 10, 10, 10, 10, 10, 10] Fitness: 3.4499999999999997
INFO :: wrapper :: Brain: bc177efb-a - Generation: 1 Path: [32] Fitness: 0.0
INFO :: wrapper :: Brain: 278c3aac-f - Generation: 1 Path: [20, 21] Fitness: 0.15
INFO :: wrapper :: Brain: 29384da7-5 - Generation: 1 Path: [26, 27, 20, 14, 8, 9, 10, 15, 9, 10, 15, 9, 10, 15, 9, 10, 15, 9, 10, 15, 9, 10, 15, 9, 10, 15, 9, 10, 15, 9, 10, 15, 9, 10, 15, 9, 10, 15, 9, 10, 15] Fitness: 4.05
INFO :: wrapper :: Brain: d63ccaa5-b - Generation: 1 Path: [26, 27, 28, 29] Fitness: 3.3
INFO :: wrapper :: Brain: 214fed37-7 - Generation: 1 Path: [26, 27, 28, 29] Fitness: 3.3
INFO :: wrapper :: Brain: 6a4ad6ff-4 - Generation: 1 Path: [26, 27, 34] Fitness: 0.3
INFO :: wrapper :: Brain: 4c464913-5 - Generation: 1 Path: [26, 27, 28, 29] Fitness: 3.3
INFO :: wrapper :: Brain: f141739a-1 - Generation: 1 Path: [31] Fitness: 0.0
INFO :: wrapper :: Brain: d0d16557-b - Generation: 1 Path: [32] Fitness: 0.0
INFO :: wrapper :: Brain: dfc1f2d9-2 - Generation: 1 Path: [26, 26, 26, 26, 26, 26, 26, 26, 26, 26, 26, 26, 26, 26, 26, 26, 26, 26, 26, 26, 26, 26, 26, 26, 26, 26, 26, 26, 26, 26, 26, 26, 26, 26, 26, 26, 26, 26, 26, 26, 26] Fitness: 0.3
INFO :: wrapper :: Brain: b7eba3f6-f - Generation: 1 Path: [32] Fitness: 0.0
INFO :: wrapper :: Brain: c95a087e-7 - Generation: 1 Path: [26, 27, 28, 29] Fitness: 3.3
INFO :: wrapper :: Brain: 67a04437-d - Generation: 1 Path: [30] Fitness: 0.0
INFO :: wrapper :: Brain: b6c7f041-1 - Generation: 1 Path: [26, 27, 28, 22, 23] Fitness: 3.4499999999999997
INFO :: wrapper :: Brain: 9b954b9c-d - Generation: 1 Path: [26, 33] Fitness: 0.15
INFO :: wrapper :: Brain: 1c3f039d-0 - Generation: 1 Path: [30] Fitness: 0.0
INFO :: wrapper :: Brain: 1a5b10d7-2 - Generation: 1 Path: [31] Fitness: 0.0
INFO :: wrapper :: Brain: 7fa125b4-f - Generation: 1 Path: [31] Fitness: 0.0
INFO :: wrapper :: Brain: c9cb3f4c-2 - Generation: 1 Path: [19] Fitness: 0.0
INFO :: wrapper :: Brain: 78d377e9-0 - Generation: 1 Path: [26, 27, 28, 34] Fitness: 3.3
INFO :: wrapper :: Brain: 9619707d-7 - Generation: 1 Path: [18] Fitness: 0.0
INFO :: wrapper :: Brain: c4aaddef-7 - Generation: 1 Path: [25, 25, 25, 25, 25, 25, 25, 25, 25, 25, 25, 25, 25, 25, 25, 25, 25, 25, 25, 25, 25, 25, 25, 25, 25, 25, 25, 25, 25, 25, 25, 25, 25, 25, 25, 25, 25, 25, 25, 25, 25] Fitness: 0.15
INFO :: wrapper :: Brain: ce53d4ef-2 - Generation: 1 Path: [19] Fitness: 0.0
INFO :: wrapper :: Brain: 3ce602dd-0 - Generation: 1 Path: [19] Fitness: 0.0
INFO :: wrapper :: Brain: 3478ea4b-5 - Generation: 1 Path: [30] Fitness: 0.0
INFO :: wrapper :: Brain: 1e901d0f-6 - Generation: 1 Path: [32] Fitness: 0.0
INFO :: wrapper :: Brain: e6fec7b4-0 - Generation: 1 Path: [26, 25, 26, 25, 26, 25, 26, 25, 26, 25, 26, 25, 26, 25, 26, 25, 26, 25, 26, 25, 26, 25, 26, 25, 26, 25, 26, 25, 26, 25, 26, 25, 26, 25, 26, 25, 26, 25, 26, 25, 26] Fitness: 0.15
INFO :: wrapper :: Brain: cdfb9de6-e - Generation: 1 Path: [20, 13, 8, 3] Fitness: 0.44999999999999996
INFO :: wrapper :: Brain: 413920ef-e - Generation: 1 Path: [19] Fitness: 0.0
INFO :: wrapper :: Brain: fe6926d1-2 - Generation: 1 Path: [26, 27, 28, 22, 16, 10, 16, 10, 16, 10, 16, 10, 16, 10, 16, 10, 16, 10, 16, 10, 16, 10, 16, 10, 16, 10, 16, 10, 16, 10, 16, 10, 16, 10, 16, 10, 16, 10, 16, 10, 16] Fitness: 6.6
INFO :: wrapper :: Brain: 25f580a8-0 - Generation: 1 Path: [30] Fitness: 0.0
INFO :: wrapper :: Brain: c103c16d-7 - Generation: 1 Path: [25, 25, 25, 25, 25, 25, 25, 25, 25, 25, 25, 25, 25, 25, 25, 25, 25, 25, 25, 25, 25, 25, 25, 25, 25, 25, 25, 25, 25, 25, 25, 25, 25, 25, 25, 25, 25, 25, 25, 25, 25] Fitness: 0.15
INFO :: wrapper :: Brain: 25de5113-4 - Generation: 1 Path: [26, 27, 28, 22, 27, 28, 22, 27, 28, 22, 27, 28, 22, 27, 28, 22, 27, 28, 22, 27, 28, 22, 27, 28, 22, 27, 28, 22, 27, 28, 22, 27, 28, 22, 27, 28, 22, 27, 28, 22, 27] Fitness: 3.4499999999999997
INFO :: wrapper :: Brain: 2ba18ab8-4 - Generation: 1 Path: [25, 25, 25, 25, 25, 25, 25, 25, 25, 25, 25, 25, 25, 25, 25, 25, 25, 25, 25, 25, 25, 25, 25, 25, 25, 25, 25, 25, 25, 25, 25, 25, 25, 25, 25, 25, 25, 25, 25, 25, 25] Fitness: 0.15
INFO :: wrapper :: Brain: 30f5b584-5 - Generation: 1 Path: [26, 27, 28, 29] Fitness: 3.3
INFO :: wrapper :: Brain: c37c9006-1 - Generation: 1 Path: [26, 27, 28, 29] Fitness: 3.3
INFO :: wrapper :: Brain: ce9b633b-3 - Generation: 1 Path: [19] Fitness: 0.0
INFO :: wrapper :: Brain: 448cb9aa-a - Generation: 1 Path: [30] Fitness: 0.0
INFO :: wrapper :: Brain: 96d7bfcd-9 - Generation: 1 Path: [26, 19] Fitness: 0.15
INFO :: wrapper :: Brain: a04dbe2d-7 - Generation: 1 Path: [26, 21] Fitness: 0.15
INFO :: wrapper :: Brain: edec1e4f-f - Generation: 1 Path: [19] Fitness: 0.0
INFO :: wrapper :: Brain: d0852ee4-8 - Generation: 1 Path: [30] Fitness: 0.0
INFO :: wrapper :: Brain: 47459781-3 - Generation: 1 Path: [32] Fitness: 0.0
INFO :: wrapper :: Brain: 3e7c038e-3 - Generation: 1 Path: [32] Fitness: 0.0
INFO :: wrapper :: Brain: d2d4aa45-e - Generation: 1 Path: [26, 20, 21] Fitness: 0.3
INFO :: wrapper :: Brain: d2301a47-0 - Generation: 1 Path: [32] Fitness: 0.0
INFO :: wrapper :: Brain: e75f78e1-1 - Generation: 1 Path: [32] Fitness: 0.0
INFO :: wrapper :: Brain: e0177b53-9 - Generation: 1 Path: [25, 25, 25, 25, 25, 25, 25, 25, 25, 25, 25, 25, 25, 25, 25, 25, 25, 25, 25, 25, 25, 25, 25, 25, 25, 25, 25, 25, 25, 25, 25, 25, 25, 25, 25, 25, 25, 25, 25, 25, 25] Fitness: 0.15
INFO :: wrapper :: Brain: 6d265822-9 - Generation: 1 Path: [26, 27, 28, 29] Fitness: 3.3
INFO :: wrapper :: Brain: 5a3fef71-2 - Generation: 1 Path: [32] Fitness: 0.0
INFO :: wrapper :: Brain: 7df8098a-a - Generation: 1 Path: [26, 27, 28, 29] Fitness: 3.3
INFO :: wrapper :: Brain: 2b8eddd3-9 - Generation: 1 Path: [32] Fitness: 0.0
INFO :: wrapper :: Brain: 39a302c2-f - Generation: 1 Path: [18] Fitness: 0.0
INFO :: wrapper :: Brain: 703f91fb-4 - Generation: 1 Path: [18] Fitness: 0.0
INFO :: wrapper :: Brain: adeeb132-3 - Generation: 1 Path: [26, 27, 28, 29] Fitness: 3.3
INFO :: wrapper :: Brain: b73406de-9 - Generation: 1 Path: [18] Fitness: 0.0
INFO :: wrapper :: Brain: 0efcb6db-6 - Generation: 1 Path: [26, 27, 28, 29] Fitness: 3.3
INFO :: wrapper :: Brain: 693f9921-3 - Generation: 1 Path: [32] Fitness: 0.0
INFO :: wrapper :: Brain: c5ec0a2a-b - Generation: 1 Path: [26, 27, 28, 22, 27, 21] Fitness: 3.4499999999999997
INFO :: wrapper :: Brain: 820e0f03-2 - Generation: 1 Path: [25, 25, 25, 25, 25, 25, 25, 25, 25, 25, 25, 25, 25, 25, 25, 25, 25, 25, 25, 25, 25, 25, 25, 25, 25, 25, 25, 25, 25, 25, 25, 25, 25, 25, 25, 25, 25, 25, 25, 25, 25] Fitness: 0.15
INFO :: wrapper :: Brain: 17c66589-0 - Generation: 1 Path: [26, 27, 28, 29] Fitness: 3.3
INFO :: wrapper :: Brain: 388e4963-2 - Generation: 1 Path: [32] Fitness: 0.0
INFO :: wrapper :: Brain: 1548b248-e - Generation: 1 Path: [32] Fitness: 0.0
INFO :: wrapper :: Brain: 3141d04e-9 - Generation: 1 Path: [26, 27, 28, 27, 28, 27, 28, 27, 28, 27, 28, 27, 28, 27, 28, 27, 28, 27, 28, 27, 28, 27, 28, 27, 28, 27, 28, 27, 28, 27, 28, 27, 28, 27, 28, 27, 28, 27, 28, 27, 28] Fitness: 3.3
INFO :: wrapper :: Brain: 2d93fcf9-a - Generation: 1 Path: [25, 25, 25, 25, 25, 25, 25, 25, 25, 25, 25, 25, 25, 25, 25, 25, 25, 25, 25, 25, 25, 25, 25, 25, 25, 25, 25, 25, 25, 25, 25, 25, 25, 25, 25, 25, 25, 25, 25, 25, 25] Fitness: 0.15
INFO :: wrapper :: Brain: bfeb115b-2 - Generation: 1 Path: [30] Fitness: 0.0
INFO :: wrapper :: Brain: daebf040-2 - Generation: 1 Path: [32] Fitness: 0.0
INFO :: wrapper :: Brain: 88ceeaf9-4 - Generation: 1 Path: [31] Fitness: 0.0
INFO :: wrapper :: Brain: 56261a10-6 - Generation: 1 Path: [26, 32] Fitness: 0.15
INFO :: wrapper :: Brain: cdebc278-9 - Generation: 1 Path: [26, 27, 28, 29] Fitness: 3.3
INFO :: wrapper :: Brain: 144fd626-1 - Generation: 1 Path: [18] Fitness: 0.0
INFO :: wrapper :: Brain: 724a5d18-3 - Generation: 1 Path: [20, 21] Fitness: 0.15
INFO :: wrapper :: Brain: bbfc1d93-2 - Generation: 1 Path: [26, 21] Fitness: 0.15
INFO :: wrapper :: Brain: 7eea236f-b - Generation: 1 Path: [31] Fitness: 0.0
INFO :: wrapper :: Brain: 6795979e-1 - Generation: 1 Path: [26, 27, 28, 29] Fitness: 3.3
INFO :: wrapper :: Brain: a6019530-a - Generation: 1 Path: [25, 25, 25, 25, 25, 25, 25, 25, 25, 25, 25, 25, 25, 25, 25, 25, 25, 25, 25, 25, 25, 25, 25, 25, 25, 25, 25, 25, 25, 25, 25, 25, 25, 25, 25, 25, 25, 25, 25, 25, 25] Fitness: 0.15
INFO :: wrapper :: Brain: 4f3af272-7 - Generation: 1 Path: [26, 27, 28, 29] Fitness: 3.3
INFO :: wrapper :: Brain: a55f8b98-b - Generation: 1 Path: [30] Fitness: 0.0
INFO :: wrapper :: Brain: 909a78bb-a - Generation: 1 Path: [26, 27, 28, 29] Fitness: 3.3
INFO :: wrapper :: Brain: 00b74c0a-e - Generation: 1 Path: [26, 26, 26, 26, 26, 26, 26, 26, 26, 26, 26, 26, 26, 26, 26, 26, 26, 26, 26, 26, 26, 26, 26, 26, 26, 26, 26, 26, 26, 26, 26, 26, 26, 26, 26, 26, 26, 26, 26, 26, 26] Fitness: 0.3
INFO :: wrapper :: Brain: 5e10de8d-b - Generation: 1 Path: [19] Fitness: 0.0
INFO :: wrapper :: Brain: 959077aa-c - Generation: 1 Path: [31] Fitness: 0.0
INFO :: wrapper :: Brain: 4c563bf6-0 - Generation: 1 Path: [20, 21] Fitness: 0.15
INFO :: wrapper :: Brain: f9616e9d-3 - Generation: 1 Path: [26, 27, 28, 29] Fitness: 3.3
INFO :: wrapper :: Brain: 9273c17f-c - Generation: 1 Path: [31] Fitness: 0.0
INFO :: wrapper :: Brain: fd20e0df-5 - Generation: 1 Path: [26, 27, 28, 29] Fitness: 3.3
INFO :: wrapper :: Brain: 5d12825c-c - Generation: 1 Path: [26, 27, 28, 29] Fitness: 3.3
INFO :: wrapper :: Brain: c2bc2d08-0 - Generation: 1 Path: [31] Fitness: 0.0
INFO :: wrapper :: Brain: 857de0dc-a - Generation: 1 Path: [25, 25, 25, 25, 25, 25, 25, 25, 25, 25, 25, 25, 25, 25, 25, 25, 25, 25, 25, 25, 25, 25, 25, 25, 25, 25, 25, 25, 25, 25, 25, 25, 25, 25, 25, 25, 25, 25, 25, 25, 25] Fitness: 0.15
INFO :: wrapper :: Brain: 2be35987-7 - Generation: 1 Path: [18] Fitness: 0.0
INFO :: wrapper :: Brain: e1287693-5 - Generation: 1 Path: [18] Fitness: 0.0
INFO :: wrapper :: Brain: a126c51a-a - Generation: 1 Path: [25, 25, 25, 25, 25, 25, 25, 25, 25, 25, 25, 25, 25, 25, 25, 25, 25, 25, 25, 25, 25, 25, 25, 25, 25, 25, 25, 25, 25, 25, 25, 25, 25, 25, 25, 25, 25, 25, 25, 25, 25] Fitness: 0.15
INFO :: wrapper :: Brain: 895dc94a-5 - Generation: 1 Path: [26, 27, 28, 29] Fitness: 3.3
INFO :: wrapper :: Brain: 42245afd-4 - Generation: 1 Path: [32] Fitness: 0.0
INFO :: wrapper :: Brain: 3fe199e4-b - Generation: 1 Path: [25, 25, 25, 25, 25, 25, 25, 25, 25, 25, 25, 25, 25, 25, 25, 25, 25, 25, 25, 25, 25, 25, 25, 25, 25, 25, 25, 25, 25, 25, 25, 25, 25, 25, 25, 25, 25, 25, 25, 25, 25] Fitness: 0.15
INFO :: wrapper :: Brain: 45cbe89a-c - Generation: 1 Path: [26, 27, 28, 29] Fitness: 3.3
INFO :: wrapper :: Brain: 89f233e5-9 - Generation: 1 Path: [26, 27, 28, 29] Fitness: 3.3
INFO :: wrapper :: Brain: 97222161-4 - Generation: 1 Path: [26, 27, 28, 22, 27, 21] Fitness: 3.4499999999999997
INFO :: wrapper :: Brain: 91bd8812-d - Generation: 1 Path: [26, 26, 26, 26, 26, 26, 26, 26, 26, 26, 26, 26, 26, 26, 26, 26, 26, 26, 26, 26, 26, 26, 26, 26, 26, 26, 26, 26, 26, 26, 26, 26, 26, 26, 26, 26, 26, 26, 26, 26, 26] Fitness: 0.3
INFO :: wrapper :: Brain: 119f49f2-c - Generation: 1 Path: [20, 15, 10, 9, 3] Fitness: 3.4499999999999997
INFO :: wrapper :: Brain: 6d7d7d6d-b - Generation: 1 Path: [30] Fitness: 0.0
INFO :: wrapper :: Brain: 8d488289-a - Generation: 1 Path: [32] Fitness: 0.0
INFO :: wrapper :: Brain: 791d8e24-4 - Generation: 1 Path: [25, 25, 25, 25, 25, 25, 25, 25, 25, 25, 25, 25, 25, 25, 25, 25, 25, 25, 25, 25, 25, 25, 25, 25, 25, 25, 25, 25, 25, 25, 25, 25, 25, 25, 25, 25, 25, 25, 25, 25, 25] Fitness: 0.15
INFO :: wrapper :: Brain: e21d902f-0 - Generation: 1 Path: [18] Fitness: 0.0
INFO :: wrapper :: Brain: 0d9aeec5-b - Generation: 1 Path: [18] Fitness: 0.0
INFO :: wrapper :: Brain: 9b16511c-d - Generation: 1 Path: [26, 27, 28, 29] Fitness: 3.3
INFO :: wrapper :: Brain: 1c3d2ec8-f - Generation: 1 Path: [24] Fitness: 0.0
INFO :: wrapper :: Brain: cf47b45d-3 - Generation: 1 Path: [26, 27, 28, 29] Fitness: 3.3
INFO :: wrapper :: Brain: ac792fc2-6 - Generation: 1 Path: [18] Fitness: 0.0
INFO :: wrapper :: Brain: 6109a814-c - Generation: 1 Path: [26, 20, 14, 8, 2] Fitness: 0.6
INFO :: wrapper :: Brain: 84a1f20f-3 - Generation: 1 Path: [32] Fitness: 0.0
INFO :: wrapper :: Brain: 65fb8c3f-8 - Generation: 1 Path: [18] Fitness: 0.0
INFO :: wrapper :: Brain: 23aa3ad8-0 - Generation: 1 Path: [26, 20, 26, 20, 26, 20, 26, 20, 26, 20, 26, 20, 26, 20, 26, 20, 26, 20, 26, 20, 26, 20, 26, 20, 26, 20, 26, 20, 26, 20, 26, 20, 26, 20, 26, 20, 26, 20, 26, 20, 26] Fitness: 0.3
INFO :: wrapper :: Brain: 6b6f8468-0 - Generation: 1 Path: [26, 27, 28, 29] Fitness: 3.3
INFO :: wrapper :: Brain: 7575ae71-b - Generation: 1 Path: [18] Fitness: 0.0
INFO :: wrapper :: Brain: bdd10aec-b - Generation: 1 Path: [19] Fitness: 0.0
INFO :: wrapper :: Brain: d3046275-8 - Generation: 1 Path: [26, 27, 28, 29] Fitness: 3.3
INFO :: wrapper :: Brain: 75d7ba4c-9 - Generation: 1 Path: [31] Fitness: 0.0
INFO :: wrapper :: Brain: 62a4e263-b - Generation: 1 Path: [26, 27, 28, 29] Fitness: 3.3
INFO :: wrapper :: Brain: ea7751d3-6 - Generation: 1 Path: [26, 26, 26, 26, 26, 26, 26, 26, 26, 26, 26, 26, 26, 26, 26, 26, 26, 26, 26, 26, 26, 26, 26, 26, 26, 26, 26, 26, 26, 26, 26, 26, 26, 26, 26, 26, 26, 26, 26, 26, 26] Fitness: 0.3
INFO :: wrapper :: Brain: 181e470c-c - Generation: 1 Path: [20, 15, 10, 15, 10, 15, 10, 15, 10, 15, 10, 15, 10, 15, 10, 15, 10, 15, 10, 15, 10, 15, 10, 15, 10, 15, 10, 15, 10, 15, 10, 15, 10, 15, 10, 15, 10, 15, 10, 15, 10] Fitness: 3.3
INFO :: wrapper :: Brain: d7928c24-2 - Generation: 1 Path: [26, 27, 28, 28, 28, 28, 28, 28, 28, 28, 28, 28, 28, 28, 28, 28, 28, 28, 28, 28, 28, 28, 28, 28, 28, 28, 28, 28, 28, 28, 28, 28, 28, 28, 28, 28, 28, 28, 28, 28, 28] Fitness: 3.4499999999999997
INFO :: wrapper :: Brain: 6c7bd423-b - Generation: 1 Path: [31] Fitness: 0.0
INFO :: wrapper :: Brain: 21920de9-d - Generation: 1 Path: [31] Fitness: 0.0
INFO :: wrapper :: Brain: 88bfbc41-8 - Generation: 1 Path: [26, 27, 28, 29] Fitness: 3.3
INFO :: wrapper :: Brain: 0938fe4d-c - Generation: 1 Path: [26, 27, 28, 29] Fitness: 3.3
INFO :: wrapper :: Brain: e7dd1dc2-c - Generation: 1 Path: [32] Fitness: 0.0
INFO :: wrapper :: Brain: 9b9a98d8-7 - Generation: 1 Path: [18] Fitness: 0.0
INFO :: wrapper :: Brain: dd096402-b - Generation: 1 Path: [30] Fitness: 0.0
INFO :: wrapper :: Brain: 77c6a552-9 - Generation: 1 Path: [26, 33] Fitness: 0.15
INFO :: wrapper :: Brain: f2146631-b - Generation: 1 Path: [26, 26, 26, 26, 26, 26, 26, 26, 26, 26, 26, 26, 26, 26, 26, 26, 26, 26, 26, 26, 26, 26, 26, 26, 26, 26, 26, 26, 26, 26, 26, 26, 26, 26, 26, 26, 26, 26, 26, 26, 26] Fitness: 0.3
INFO :: wrapper :: Brain: 9b64f29c-7 - Generation: 1 Path: [31] Fitness: 0.0
INFO :: wrapper :: Brain: 8b6358db-e - Generation: 1 Path: [26, 27, 28, 27, 27, 27, 27, 27, 27, 27, 27, 27, 27, 27, 27, 27, 27, 27, 27, 27, 27, 27, 27, 27, 27, 27, 27, 27, 27, 27, 27, 27, 27, 27, 27, 27, 27, 27, 27, 27, 27] Fitness: 3.3
INFO :: wrapper :: Brain: ca9d2f19-b - Generation: 1 Path: [32] Fitness: 0.0
INFO :: wrapper :: Brain: 0ab2117d-4 - Generation: 1 Path: [30] Fitness: 0.0
INFO :: wrapper :: Brain: b101ee9b-e - Generation: 1 Path: [26, 27, 34] Fitness: 0.3
INFO :: wrapper :: Brain: 84c439ca-8 - Generation: 1 Path: [25, 25, 25, 25, 25, 25, 25, 25, 25, 25, 25, 25, 25, 25, 25, 25, 25, 25, 25, 25, 25, 25, 25, 25, 25, 25, 25, 25, 25, 25, 25, 25, 25, 25, 25, 25, 25, 25, 25, 25, 25] Fitness: 0.15
INFO :: wrapper :: Brain: 1c22d1da-a - Generation: 1 Path: [26, 27, 28, 22, 17] Fitness: 3.4499999999999997
INFO :: wrapper :: Brain: 962af81d-e - Generation: 1 Path: [26, 20, 21] Fitness: 0.3
INFO :: wrapper :: Brain: bac4ad7b-8 - Generation: 1 Path: [32] Fitness: 0.0
INFO :: wrapper :: Brain: d0ddf8be-3 - Generation: 1 Path: [32] Fitness: 0.0
INFO :: wrapper :: Brain: 57a20ff8-f - Generation: 1 Path: [26, 27, 28, 22, 28, 22, 28, 22, 28, 22, 28, 22, 28, 22, 28, 22, 28, 22, 28, 22, 28, 22, 28, 22, 28, 22, 28, 22, 28, 22, 28, 22, 28, 22, 28, 22, 28, 22, 28, 22, 28] Fitness: 3.4499999999999997
INFO :: wrapper :: Brain: 990bfd70-6 - Generation: 1 Path: [19] Fitness: 0.0
INFO :: wrapper :: Brain: f801e27e-5 - Generation: 1 Path: [20, 15, 10, 5] Fitness: 3.3
INFO :: wrapper :: Brain: 6bb44ce6-1 - Generation: 1 Path: [26, 27, 28, 23] Fitness: 3.3
INFO :: wrapper :: Brain: cd97d725-1 - Generation: 1 Path: [31] Fitness: 0.0
INFO :: wrapper :: Brain: cec635b6-e - Generation: 1 Path: [32] Fitness: 0.0
INFO :: wrapper :: Brain: 1b665f0e-d - Generation: 1 Path: [30] Fitness: 0.0
INFO :: wrapper :: Brain: b41606ec-f - Generation: 1 Path: [26, 27, 28, 29] Fitness: 3.3
INFO :: wrapper :: Brain: 705bc969-a - Generation: 1 Path: [26, 27, 28, 29] Fitness: 3.3
INFO :: wrapper :: Brain: 0bcddcfe-d - Generation: 1 Path: [20, 19] Fitness: 0.15
INFO :: wrapper :: Brain: 63a410f9-5 - Generation: 1 Path: [32] Fitness: 0.0
INFO :: wrapper :: Brain: d88eb550-2 - Generation: 1 Path: [25, 25, 25, 25, 25, 25, 25, 25, 25, 25, 25, 25, 25, 25, 25, 25, 25, 25, 25, 25, 25, 25, 25, 25, 25, 25, 25, 25, 25, 25, 25, 25, 25, 25, 25, 25, 25, 25, 25, 25, 25] Fitness: 0.15
INFO :: wrapper :: Brain: b7f66755-e - Generation: 1 Path: [18] Fitness: 0.0
INFO :: wrapper :: Brain: b6c36aa5-5 - Generation: 1 Path: [32] Fitness: 0.0
INFO :: wrapper :: Brain: 13864dc1-4 - Generation: 1 Path: [30] Fitness: 0.0
INFO :: wrapper :: Brain: 50772f3e-a - Generation: 1 Path: [32] Fitness: 0.0
INFO :: wrapper :: Brain: 4ec52196-5 - Generation: 1 Path: [26, 27, 28, 29] Fitness: 3.3
INFO :: wrapper :: Brain: 2bcf64c5-5 - Generation: 1 Path: [25, 25, 25, 25, 25, 25, 25, 25, 25, 25, 25, 25, 25, 25, 25, 25, 25, 25, 25, 25, 25, 25, 25, 25, 25, 25, 25, 25, 25, 25, 25, 25, 25, 25, 25, 25, 25, 25, 25, 25, 25] Fitness: 0.15
INFO :: wrapper :: Brain: 18297495-5 - Generation: 1 Path: [18] Fitness: 0.0
INFO :: wrapper :: Brain: 8436989e-8 - Generation: 1 Path: [26, 26, 26, 26, 26, 26, 26, 26, 26, 26, 26, 26, 26, 26, 26, 26, 26, 26, 26, 26, 26, 26, 26, 26, 26, 26, 26, 26, 26, 26, 26, 26, 26, 26, 26, 26, 26, 26, 26, 26, 26] Fitness: 0.3
INFO :: wrapper :: Brain: 2f5349bc-5 - Generation: 1 Path: [32] Fitness: 0.0
INFO :: wrapper :: Brain: 68fd7331-0 - Generation: 1 Path: [20, 15, 10, 3] Fitness: 3.3
INFO :: wrapper :: Brain: c744206b-9 - Generation: 1 Path: [26, 33] Fitness: 0.15
INFO :: wrapper :: Brain: 15a98496-4 - Generation: 1 Path: [26, 27, 28, 29] Fitness: 3.3
INFO :: wrapper :: Brain: 08bcfff0-b - Generation: 1 Path: [24] Fitness: 0.0
INFO :: wrapper :: Brain: 4c7fefcb-d - Generation: 1 Path: [19] Fitness: 0.0
INFO :: wrapper :: Brain: 195db04f-d - Generation: 1 Path: [18] Fitness: 0.0
INFO :: wrapper :: Brain: 6ef805bf-8 - Generation: 1 Path: [32] Fitness: 0.0
INFO :: wrapper :: Brain: c3f26d2c-1 - Generation: 1 Path: [26, 25, 26, 25, 26, 25, 26, 25, 26, 25, 26, 25, 26, 25, 26, 25, 26, 25, 26, 25, 26, 25, 26, 25, 26, 25, 26, 25, 26, 25, 26, 25, 26, 25, 26, 25, 26, 25, 26, 25, 26] Fitness: 0.15
INFO :: wrapper :: Brain: 23703020-9 - Generation: 1 Path: [26, 26, 26, 26, 26, 26, 26, 26, 26, 26, 26, 26, 26, 26, 26, 26, 26, 26, 26, 26, 26, 26, 26, 26, 26, 26, 26, 26, 26, 26, 26, 26, 26, 26, 26, 26, 26, 26, 26, 26, 26] Fitness: 0.3
INFO :: wrapper :: Brain: 8436eda3-3 - Generation: 1 Path: [26, 27, 28, 29] Fitness: 3.3
INFO :: wrapper :: Brain: 37aae88f-c - Generation: 1 Path: [26, 27, 34] Fitness: 0.3
INFO :: wrapper :: Brain: 593e3e33-6 - Generation: 1 Path: [32] Fitness: 0.0
INFO :: wrapper :: Brain: d699461b-d - Generation: 1 Path: [26, 20, 20, 20, 20, 20, 20, 20, 20, 20, 20, 20, 20, 20, 20, 20, 20, 20, 20, 20, 20, 20, 20, 20, 20, 20, 20, 20, 20, 20, 20, 20, 20, 20, 20, 20, 20, 20, 20, 20, 20] Fitness: 0.44999999999999996
INFO :: wrapper :: Brain: d46dacc6-0 - Generation: 1 Path: [32] Fitness: 0.0
INFO :: wrapper :: Brain: 72d1a440-0 - Generation: 1 Path: [26, 33] Fitness: 0.15
INFO :: wrapper :: Brain: 688a4458-1 - Generation: 1 Path: [26, 27, 28, 29] Fitness: 3.3
INFO :: wrapper :: Brain: 1aae4421-7 - Generation: 1 Path: [26, 33] Fitness: 0.15
INFO :: wrapper :: Brain: f1b895f9-9 - Generation: 1 Path: [26, 27, 28, 29] Fitness: 3.3
INFO :: wrapper :: Brain: 304d5ab7-2 - Generation: 1 Path: [26, 27, 28, 22, 27, 21] Fitness: 3.4499999999999997
INFO :: wrapper :: Brain: c74321bf-8 - Generation: 1 Path: [18] Fitness: 0.0
INFO :: wrapper :: Brain: 259dee83-e - Generation: 1 Path: [32] Fitness: 0.0
INFO :: wrapper :: Brain: 11761dbb-c - Generation: 1 Path: [30] Fitness: 0.0
INFO :: wrapper :: Brain: 94d56997-a - Generation: 1 Path: [26, 27, 28, 33] Fitness: 3.3
INFO :: wrapper :: Brain: 7fff8565-6 - Generation: 1 Path: [26, 20, 14, 8, 2] Fitness: 0.6
INFO :: wrapper :: Brain: 05af753a-1 - Generation: 1 Path: [26, 27, 28, 29] Fitness: 3.3
INFO :: wrapper :: Brain: 1259ab3a-6 - Generation: 1 Path: [32] Fitness: 0.0
INFO :: wrapper :: Brain: f94ede51-a - Generation: 1 Path: [26, 27, 28, 29] Fitness: 3.3
INFO :: wrapper :: Brain: 7d2ae17b-a - Generation: 1 Path: [19] Fitness: 0.0
INFO :: wrapper :: Brain: 092a83ae-6 - Generation: 1 Path: [18] Fitness: 0.0
INFO :: wrapper :: Brain: 4421ae4b-2 - Generation: 1 Path: [26, 27, 28, 21] Fitness: 3.3
INFO :: wrapper :: Brain: e8284dc4-a - Generation: 1 Path: [25, 25, 25, 25, 25, 25, 25, 25, 25, 25, 25, 25, 25, 25, 25, 25, 25, 25, 25, 25, 25, 25, 25, 25, 25, 25, 25, 25, 25, 25, 25, 25, 25, 25, 25, 25, 25, 25, 25, 25, 25] Fitness: 0.15
INFO :: wrapper :: Brain: a1f138ff-f - Generation: 1 Path: [26, 27, 28, 29] Fitness: 3.3
INFO :: wrapper :: Brain: 85da4c2f-f - Generation: 1 Path: [26, 27, 26, 27, 26, 27, 26, 27, 26, 27, 26, 27, 26, 27, 26, 27, 26, 27, 26, 27, 26, 27, 26, 27, 26, 27, 26, 27, 26, 27, 26, 27, 26, 27, 26, 27, 26, 27, 26, 27, 26] Fitness: 0.3
INFO :: wrapper :: Brain: 240f0e0d-e - Generation: 1 Path: [26, 21] Fitness: 0.15
INFO :: wrapper :: Brain: b25c08da-3 - Generation: 1 Path: [24] Fitness: 0.0
INFO :: wrapper :: Brain: 95e9582f-b - Generation: 1 Path: [32] Fitness: 0.0
INFO :: wrapper :: Brain: c5ff882b-c - Generation: 1 Path: [26, 27, 28, 29] Fitness: 3.3
INFO :: wrapper :: Brain: e6903a32-4 - Generation: 1 Path: [18] Fitness: 0.0
INFO :: wrapper :: Brain: 27d6776c-4 - Generation: 1 Path: [26, 25, 26, 25, 26, 25, 26, 25, 26, 25, 26, 25, 26, 25, 26, 25, 26, 25, 26, 25, 26, 25, 26, 25, 26, 25, 26, 25, 26, 25, 26, 25, 26, 25, 26, 25, 26, 25, 26, 25, 26] Fitness: 0.15
INFO :: wrapper :: Brain: afe4b2c2-1 - Generation: 1 Path: [31] Fitness: 0.0
INFO :: wrapper :: Brain: a7657686-0 - Generation: 1 Path: [26, 27, 28, 29] Fitness: 3.3
INFO :: wrapper :: Brain: 6e1e77a8-0 - Generation: 1 Path: [26, 27, 28, 21] Fitness: 3.3
INFO :: wrapper :: Brain: a6c83f67-f - Generation: 1 Path: [26, 27, 28, 29] Fitness: 3.3
