INFO :: wrapper :: Brain: 68a02df2-a - Generation: 0 Path: [2, 9, 16, 10, 9, 8, 2, 9, 8, 2, 255] Fitness: 3.6
INFO :: wrapper :: Brain: f81ebd9c-f - Generation: 0 Path: [7, 14, 13, 20, 19, 26, 25, 32, 255] Fitness: 4.05
INFO :: wrapper :: Brain: c269e57e-8 - Generation: 0 Path: [9, 10, 11, 255] Fitness: 3.3
INFO :: wrapper :: Brain: e0c1ee9e-7 - Generation: 0 Path: [15, 10, 255] Fitness: 3.15
INFO :: wrapper :: Brain: df1b92c0-7 - Generation: 0 Path: [14, 20, 26, 32, 255] Fitness: 3.45
INFO :: wrapper :: Brain: d43b20a9-7 - Generation: 0 Path: [15, 22, 27, 34, 255] Fitness: 3.45
INFO :: wrapper :: Brain: 79371bad-e - Generation: 0 Path: [15, 22, 29, 34, 33, 255] Fitness: 3.6
INFO :: wrapper :: Brain: 204c0731-e - Generation: 0 Path: [15, 10, 11, 11, 11, 11, 11, 11, 11, 11, 255] Fitness: 3.3
INFO :: wrapper :: Brain: 1000dfaa-d - Generation: 0 Path: [15, 9, 16, 22, 29, 23, 17, 16, 23, 17, 255] Fitness: 3.9
INFO :: wrapper :: Brain: 8f91e4b2-7 - Generation: 0 Path: [14, 20, 26, 33, 28, 34, 255] Fitness: 3.75
INFO :: wrapper :: Brain: 1579dbbe-7 - Generation: 1 Path: [2, 3, 4, 10, 16, 17, 11, 16, 17, 11, 255] Fitness: 6.750000000000001
INFO :: wrapper :: Brain: fa90892f-8 - Generation: 1 Path: [9, 10, 16, 11, 17, 23, 29, 255] Fitness: 6.75
INFO :: wrapper :: Brain: 5bf638d7-0 - Generation: 1 Path: [15, 22, 16, 10, 4, 11, 255] Fitness: 6.6000000000000005
INFO :: wrapper :: Brain: 0c0a1e32-d - Generation: 1 Path: [9, 10, 4, 10, 16, 22, 15, 22, 15, 22, 255] Fitness: 6.600000000000001
INFO :: wrapper :: Brain: 7de9d211-4 - Generation: 1 Path: [9, 10, 4, 10, 16, 17, 23, 22, 27, 33, 255] Fitness: 9.900000000000002
INFO :: wrapper :: Brain: 0a73ff6f-3 - Generation: 1 Path: [9, 10, 4, 10, 16, 17, 23, 22, 27, 33, 255] Fitness: 9.900000000000002
INFO :: wrapper :: Brain: c2c33863-9 - Generation: 1 Path: [9, 10, 4, 9, 3, 8, 13, 7, 1, 8, 255] Fitness: 6.900000000000002
INFO :: wrapper :: Brain: 6aec96c8-0 - Generation: 1 Path: [9, 10, 4, 10, 16, 17, 23, 22, 27, 33, 255] Fitness: 9.900000000000002
INFO :: wrapper :: Brain: 8322f289-c - Generation: 1 Path: [9, 10, 4, 10, 16, 17, 23, 22, 27, 33, 255] Fitness: 9.900000000000002
INFO :: wrapper :: Brain: 3813c9c4-2 - Generation: 1 Path: [15, 22, 16, 10, 4, 11, 255] Fitness: 6.6000000000000005
INFO :: wrapper :: Brain: 2fc47d63-2 - Generation: 2 Path: [9, 10, 4, 10, 16, 17, 23, 22, 27, 33, 255] Fitness: 9.900000000000002
INFO :: wrapper :: Brain: 126c519b-8 - Generation: 2 Path: [9, 10, 4, 10, 16, 17, 23, 22, 27, 33, 255] Fitness: 9.900000000000002
INFO :: wrapper :: Brain: bcea381c-d - Generation: 2 Path: [9, 10, 4, 10, 16, 17, 23, 29, 34, 27, 255] Fitness: 12.750000000000002
INFO :: wrapper :: Brain: df43fe52-2 - Generation: 2 Path: [14, 9, 4, 10, 16, 22, 28, 34, 255] Fitness: 9.75
INFO :: wrapper :: Brain: 43513ae6-0 - Generation: 2 Path: [9, 10, 4, 10, 16, 17, 23, 22, 27, 33, 255] Fitness: 9.900000000000002
INFO :: wrapper :: Brain: 45a8fc7b-b - Generation: 2 Path: [9, 10, 4, 10, 16, 17, 23, 22, 27, 33, 255] Fitness: 9.900000000000002
INFO :: wrapper :: Brain: e5d911e2-4 - Generation: 2 Path: [9, 10, 4, 10, 16, 17, 23, 22, 27, 33, 255] Fitness: 9.900000000000002
INFO :: wrapper :: Brain: 2ff40bf1-1 - Generation: 2 Path: [9, 10, 4, 10, 16, 17, 23, 22, 27, 33, 255] Fitness: 9.900000000000002
INFO :: wrapper :: Brain: 9593f6f3-0 - Generation: 2 Path: [9, 10, 4, 10, 16, 17, 23, 22, 27, 33, 255] Fitness: 9.900000000000002
INFO :: wrapper :: Brain: 29638cc8-3 - Generation: 2 Path: [14, 9, 4, 10, 16, 22, 28, 34, 255] Fitness: 9.75
INFO :: wrapper :: Brain: 5d01e4b3-8 - Generation: 3 Path: [9, 10, 4, 10, 16, 17, 23, 29, 34, 27, 255] Fitness: 12.750000000000002
INFO :: wrapper :: Brain: bc7d81ba-7 - Generation: 3 Path: [9, 10, 4, 10, 16, 17, 23, 29, 34, 27, 255] Fitness: 12.750000000000002
INFO :: wrapper :: Brain: dd59fde4-6 - Generation: 3 Path: [9, 10, 4, 10, 16, 17, 23, 29, 34, 27, 255] Fitness: 12.750000000000002
INFO :: wrapper :: Brain: 05c72cbe-f - Generation: 3 Path: [9, 10, 4, 10, 16, 17, 23, 29, 34, 27, 255] Fitness: 12.750000000000002
INFO :: wrapper :: Brain: 6fb973a8-4 - Generation: 3 Path: [9, 10, 4, 10, 16, 17, 23, 29, 34, 27, 255] Fitness: 12.750000000000002
INFO :: wrapper :: Brain: 11f6f915-0 - Generation: 3 Path: [9, 10, 4, 10, 16, 17, 23, 29, 34, 27, 255] Fitness: 12.750000000000002
INFO :: wrapper :: Brain: c197409e-e - Generation: 3 Path: [9, 10, 4, 10, 16, 17, 23, 29, 34, 27, 255] Fitness: 12.750000000000002
INFO :: wrapper :: Brain: fa55a960-e - Generation: 3 Path: [9, 10, 4, 10, 16, 17, 23, 29, 34, 27, 255] Fitness: 12.750000000000002
INFO :: wrapper :: Brain: aecc4e88-5 - Generation: 3 Path: [9, 10, 4, 10, 16, 17, 23, 29, 34, 27, 255] Fitness: 12.750000000000002
INFO :: wrapper :: Brain: 9902b9a9-b - Generation: 3 Path: [9, 10, 4, 10, 16, 17, 23, 29, 34, 27, 255] Fitness: 12.750000000000002
